[0.012s] Invoking command in '/home/eight/Downloads/Howard_ROS2_practice/catkin_ws/build/multi_pub': CMAKE_PREFIX_PATH=${CMAKE_PREFIX_PATH}:/opt/ros/foxy CONDA_PROMPT_MODIFIER=(base) /usr/bin/cmake --build /home/eight/Downloads/Howard_ROS2_practice/catkin_ws/build/multi_pub -- -j16 -l16
[0.043s] [35m[1mScanning dependencies of target multi_pub[0m
[0.057s] [ 50%] Built target my_subscriber
[0.059s] [ 75%] [32mBuilding CXX object CMakeFiles/multi_pub.dir/src/multi_pub.cpp.o[0m
[0.964s] In file included from [01m[K/home/eight/Downloads/Howard_ROS2_practice/catkin_ws/src/multi_pub/src/multi_pub.cpp:9[m[K:
[0.964s] [01m[K/home/eight/Downloads/Howard_ROS2_practice/catkin_ws/src/multi_pub/src/classB.cpp:12:1:[m[K [01;31m[Kerror: [m[Kno declaration matches ‘[01m[KClassB::ClassB(rclcpp::Node::SharedPtr, std::string)[m[K’
[0.964s]    12 | [01;31m[KClassB[m[K::ClassB(rclcpp::Node::SharedPtr node, std::string name) : node_(node) {
[0.964s]       | [01;31m[K^~~~~~[m[K
[0.964s] [01m[K/home/eight/Downloads/Howard_ROS2_practice/catkin_ws/src/multi_pub/src/classB.cpp:1:7:[m[K [01;36m[Knote: [m[Kcandidates are: ‘[01m[KClassB::ClassB(ClassB&&)[m[K’
[0.964s]     1 | class [01;36m[KClassB[m[K {
[0.964s]       |       [01;36m[K^~~~~~[m[K
[0.964s] [01m[K/home/eight/Downloads/Howard_ROS2_practice/catkin_ws/src/multi_pub/src/classB.cpp:1:7:[m[K [01;36m[Knote: [m[K                ‘[01m[KClassB::ClassB(const ClassB&)[m[K’
[0.964s] [01m[K/home/eight/Downloads/Howard_ROS2_practice/catkin_ws/src/multi_pub/src/classB.cpp:3:5:[m[K [01;36m[Knote: [m[K                ‘[01m[KClassB::ClassB(rclcpp::Node::SharedPtr)[m[K’
[0.964s]     3 |     [01;36m[KClassB[m[K(rclcpp::Node::SharedPtr node); // constructor
[0.964s]       |     [01;36m[K^~~~~~[m[K
[0.964s] [01m[K/home/eight/Downloads/Howard_ROS2_practice/catkin_ws/src/multi_pub/src/classB.cpp:1:7:[m[K [01;36m[Knote: [m[K‘[01m[Kclass ClassB[m[K’ defined here
[0.964s]     1 | class [01;36m[KClassB[m[K {
[0.964s]       |       [01;36m[K^~~~~~[m[K
[0.984s] [01m[K/home/eight/Downloads/Howard_ROS2_practice/catkin_ws/src/multi_pub/src/multi_pub.cpp:[m[K In member function ‘[01m[Kvoid MinimalPublisher::timer_callback()[m[K’:
[0.985s] [01m[K/home/eight/Downloads/Howard_ROS2_practice/catkin_ws/src/multi_pub/src/multi_pub.cpp:87:43:[m[K [01;31m[Kerror: [m[Kno matching function for call to ‘[01m[Kstd::shared_ptr<ClassB>::shared_ptr(const char [3])[m[K’
[0.985s]    87 |       std::shared_ptr<ClassB> class_b("n1"[01;31m[K)[m[K;
[0.985s]       |                                           [01;31m[K^[m[K
[0.985s] In file included from [01m[K/usr/include/c++/9/memory:81[m[K,
[0.985s]                  from [01m[K/home/eight/Downloads/Howard_ROS2_practice/catkin_ws/src/multi_pub/src/multi_pub.cpp:4[m[K:
[0.985s] [01m[K/usr/include/c++/9/bits/shared_ptr.h:367:7:[m[K [01;36m[Knote: [m[Kcandidate: ‘[01m[Kstd::shared_ptr<_Tp>::shared_ptr(const std::weak_ptr<_Tp>&, std::nothrow_t) [with _Tp = ClassB][m[K’
[0.985s]   367 |       [01;36m[Kshared_ptr[m[K(const weak_ptr<_Tp>& __r, std::nothrow_t)
[0.985s]       |       [01;36m[K^~~~~~~~~~[m[K
[0.985s] [01m[K/usr/include/c++/9/bits/shared_ptr.h:367:7:[m[K [01;36m[Knote: [m[K  candidate expects 2 arguments, 1 provided
[0.985s] [01m[K/usr/include/c++/9/bits/shared_ptr.h:358:2:[m[K [01;36m[Knote: [m[Kcandidate: ‘[01m[Ktemplate<class _Alloc, class ... _Args> std::shared_ptr<_Tp>::shared_ptr(std::_Sp_alloc_shared_tag<_Tp>, _Args&& ...)[m[K’
[0.985s]   358 |  [01;36m[Kshared_ptr[m[K(_Sp_alloc_shared_tag<_Alloc> __tag, _Args&&... __args)
[0.986s]       |  [01;36m[K^~~~~~~~~~[m[K
[0.986s] [01m[K/usr/include/c++/9/bits/shared_ptr.h:358:2:[m[K [01;36m[Knote: [m[K  template argument deduction/substitution failed:
[0.986s] [01m[K/home/eight/Downloads/Howard_ROS2_practice/catkin_ws/src/multi_pub/src/multi_pub.cpp:87:43:[m[K [01;36m[Knote: [m[K  mismatched types ‘[01m[Kstd::_Sp_alloc_shared_tag<_Tp>[m[K’ and ‘[01m[Kconst char*[m[K’
[0.986s]    87 |       std::shared_ptr<ClassB> class_b("n1"[01;36m[K)[m[K;
[0.986s]       |                                           [01;36m[K^[m[K
[0.986s] In file included from [01m[K/usr/include/c++/9/memory:81[m[K,
[0.986s]                  from [01m[K/home/eight/Downloads/Howard_ROS2_practice/catkin_ws/src/multi_pub/src/multi_pub.cpp:4[m[K:
[0.986s] [01m[K/usr/include/c++/9/bits/shared_ptr.h:307:17:[m[K [01;36m[Knote: [m[Kcandidate: ‘[01m[Kconstexpr std::shared_ptr<_Tp>::shared_ptr(std::nullptr_t) [with _Tp = ClassB; std::nullptr_t = std::nullptr_t][m[K’
[0.986s]   307 |       constexpr [01;36m[Kshared_ptr[m[K(nullptr_t) noexcept : shared_ptr() { }
[0.986s]       |                 [01;36m[K^~~~~~~~~~[m[K
[0.986s] [01m[K/usr/include/c++/9/bits/shared_ptr.h:307:28:[m[K [01;36m[Knote: [m[K  no known conversion for argument 1 from ‘[01m[Kconst char [3][m[K’ to ‘[01m[Kstd::nullptr_t[m[K’
[0.986s]   307 |       constexpr shared_ptr([01;36m[Knullptr_t[m[K) noexcept : shared_ptr() { }
[0.986s]       |                            [01;36m[K^~~~~~~~~[m[K
[0.986s] [01m[K/usr/include/c++/9/bits/shared_ptr.h:299:2:[m[K [01;36m[Knote: [m[Kcandidate: ‘[01m[Ktemplate<class _Yp, class _Del, std::shared_ptr<ClassB>::_Constructible<std::unique_ptr<_Tp, _Dp>, std::__sp_array_delete>* <anonymous> > std::shared_ptr<_Tp>::shared_ptr(std::unique_ptr<_Up, _Ep>&&)[m[K’
[0.986s]   299 |  [01;36m[Kshared_ptr[m[K(unique_ptr<_Yp, _Del>&& __r)
[0.986s]       |  [01;36m[K^~~~~~~~~~[m[K
[0.987s] [01m[K/usr/include/c++/9/bits/shared_ptr.h:299:2:[m[K [01;36m[Knote: [m[K  template argument deduction/substitution failed:
[0.987s] [01m[K/home/eight/Downloads/Howard_ROS2_practice/catkin_ws/src/multi_pub/src/multi_pub.cpp:87:43:[m[K [01;36m[Knote: [m[K  mismatched types ‘[01m[Kstd::unique_ptr<_Tp, _Dp>[m[K’ and ‘[01m[Kconst char [3][m[K’
[0.987s]    87 |       std::shared_ptr<ClassB> class_b("n1"[01;36m[K)[m[K;
[0.987s]       |                                           [01;36m[K^[m[K
[0.987s] In file included from [01m[K/usr/include/c++/9/memory:81[m[K,
[0.987s]                  from [01m[K/home/eight/Downloads/Howard_ROS2_practice/catkin_ws/src/multi_pub/src/multi_pub.cpp:4[m[K:
[0.987s] [01m[K/usr/include/c++/9/bits/shared_ptr.h:290:2:[m[K [01;36m[Knote: [m[Kcandidate: ‘[01m[Ktemplate<class _Yp, class _Del, class> std::shared_ptr<_Tp>::shared_ptr(std::unique_ptr<_Up, _Ep>&&)[m[K’
[0.987s]   290 |  [01;36m[Kshared_ptr[m[K(unique_ptr<_Yp, _Del>&& __r)
[0.987s]       |  [01;36m[K^~~~~~~~~~[m[K
[0.987s] [01m[K/usr/include/c++/9/bits/shared_ptr.h:290:2:[m[K [01;36m[Knote: [m[K  template argument deduction/substitution failed:
[0.987s] [01m[K/home/eight/Downloads/Howard_ROS2_practice/catkin_ws/src/multi_pub/src/multi_pub.cpp:87:43:[m[K [01;36m[Knote: [m[K  mismatched types ‘[01m[Kstd::unique_ptr<_Tp, _Dp>[m[K’ and ‘[01m[Kconst char [3][m[K’
[0.987s]    87 |       std::shared_ptr<ClassB> class_b("n1"[01;36m[K)[m[K;
[0.987s]       |                                           [01;36m[K^[m[K
[0.987s] In file included from [01m[K/usr/include/c++/9/memory:81[m[K,
[0.987s]                  from [01m[K/home/eight/Downloads/Howard_ROS2_practice/catkin_ws/src/multi_pub/src/multi_pub.cpp:4[m[K:
[0.987s] [01m[K/usr/include/c++/9/bits/shared_ptr.h:282:2:[m[K [01;36m[Knote: [m[Kcandidate: ‘[01m[Ktemplate<class _Yp, class> std::shared_ptr<_Tp>::shared_ptr(std::auto_ptr<_Up>&&)[m[K’
[0.987s]   282 |  [01;36m[Kshared_ptr[m[K(auto_ptr<_Yp>&& __r);
[0.987s]       |  [01;36m[K^~~~~~~~~~[m[K
[0.987s] [01m[K/usr/include/c++/9/bits/shared_ptr.h:282:2:[m[K [01;36m[Knote: [m[K  template argument deduction/substitution failed:
[0.987s] [01m[K/home/eight/Downloads/Howard_ROS2_practice/catkin_ws/src/multi_pub/src/multi_pub.cpp:87:43:[m[K [01;36m[Knote: [m[K  mismatched types ‘[01m[Kstd::auto_ptr<_Up>[m[K’ and ‘[01m[Kconst char [3][m[K’
[0.987s]    87 |       std::shared_ptr<ClassB> class_b("n1"[01;36m[K)[m[K;
[0.988s]       |                                           [01;36m[K^[m[K
[0.988s] In file included from [01m[K/usr/include/c++/9/memory:81[m[K,
[0.988s]                  from [01m[K/home/eight/Downloads/Howard_ROS2_practice/catkin_ws/src/multi_pub/src/multi_pub.cpp:4[m[K:
[0.988s] [01m[K/usr/include/c++/9/bits/shared_ptr.h:275:11:[m[K [01;36m[Knote: [m[Kcandidate: ‘[01m[Ktemplate<class _Yp, class> std::shared_ptr<_Tp>::shared_ptr(const std::weak_ptr<_Yp>&)[m[K’
[0.988s]   275 |  explicit [01;36m[Kshared_ptr[m[K(const weak_ptr<_Yp>& __r)
[0.988s]       |           [01;36m[K^~~~~~~~~~[m[K
[0.988s] [01m[K/usr/include/c++/9/bits/shared_ptr.h:275:11:[m[K [01;36m[Knote: [m[K  template argument deduction/substitution failed:
[0.988s] [01m[K/home/eight/Downloads/Howard_ROS2_practice/catkin_ws/src/multi_pub/src/multi_pub.cpp:87:43:[m[K [01;36m[Knote: [m[K  mismatched types ‘[01m[Kconst std::weak_ptr<_Tp>[m[K’ and ‘[01m[Kconst char [3][m[K’
[0.988s]    87 |       std::shared_ptr<ClassB> class_b("n1"[01;36m[K)[m[K;
[0.988s]       |                                           [01;36m[K^[m[K
[0.988s] In file included from [01m[K/usr/include/c++/9/memory:81[m[K,
[0.988s]                  from [01m[K/home/eight/Downloads/Howard_ROS2_practice/catkin_ws/src/multi_pub/src/multi_pub.cpp:4[m[K:
[0.988s] [01m[K/usr/include/c++/9/bits/shared_ptr.h:263:2:[m[K [01;36m[Knote: [m[Kcandidate: ‘[01m[Ktemplate<class _Yp, class> std::shared_ptr<_Tp>::shared_ptr(std::shared_ptr<_Yp>&&)[m[K’
[0.988s]   263 |  [01;36m[Kshared_ptr[m[K(shared_ptr<_Yp>&& __r) noexcept
[0.988s]       |  [01;36m[K^~~~~~~~~~[m[K
[0.988s] [01m[K/usr/include/c++/9/bits/shared_ptr.h:263:2:[m[K [01;36m[Knote: [m[K  template argument deduction/substitution failed:
[0.988s] [01m[K/home/eight/Downloads/Howard_ROS2_practice/catkin_ws/src/multi_pub/src/multi_pub.cpp:87:43:[m[K [01;36m[Knote: [m[K  mismatched types ‘[01m[Kstd::shared_ptr<_Tp>[m[K’ and ‘[01m[Kconst char [3][m[K’
[0.988s]    87 |       std::shared_ptr<ClassB> class_b("n1"[01;36m[K)[m[K;
[0.988s]       |                                           [01;36m[K^[m[K
[0.988s] In file included from [01m[K/usr/include/c++/9/memory:81[m[K,
[0.989s]                  from [01m[K/home/eight/Downloads/Howard_ROS2_practice/catkin_ws/src/multi_pub/src/multi_pub.cpp:4[m[K:
[0.989s] [01m[K/usr/include/c++/9/bits/shared_ptr.h:254:7:[m[K [01;36m[Knote: [m[Kcandidate: ‘[01m[Kstd::shared_ptr<_Tp>::shared_ptr(std::shared_ptr<_Tp>&&) [with _Tp = ClassB][m[K’
[0.989s]   254 |       [01;36m[Kshared_ptr[m[K(shared_ptr&& __r) noexcept
[0.989s]       |       [01;36m[K^~~~~~~~~~[m[K
[0.989s] [01m[K/usr/include/c++/9/bits/shared_ptr.h:254:31:[m[K [01;36m[Knote: [m[K  no known conversion for argument 1 from ‘[01m[Kconst char [3][m[K’ to ‘[01m[Kstd::shared_ptr<ClassB>&&[m[K’
[0.989s]   254 |       shared_ptr([01;36m[Kshared_ptr&& __r[m[K) noexcept
[0.989s]       |                  [01;36m[K~~~~~~~~~~~~~^~~[m[K
[0.989s] [01m[K/usr/include/c++/9/bits/shared_ptr.h:246:2:[m[K [01;36m[Knote: [m[Kcandidate: ‘[01m[Ktemplate<class _Yp, class> std::shared_ptr<_Tp>::shared_ptr(const std::shared_ptr<_Yp>&)[m[K’
[0.989s]   246 |  [01;36m[Kshared_ptr[m[K(const shared_ptr<_Yp>& __r) noexcept
[0.989s]       |  [01;36m[K^~~~~~~~~~[m[K
[0.989s] [01m[K/usr/include/c++/9/bits/shared_ptr.h:246:2:[m[K [01;36m[Knote: [m[K  template argument deduction/substitution failed:
[0.989s] [01m[K/home/eight/Downloads/Howard_ROS2_practice/catkin_ws/src/multi_pub/src/multi_pub.cpp:87:43:[m[K [01;36m[Knote: [m[K  mismatched types ‘[01m[Kconst std::shared_ptr<_Tp>[m[K’ and ‘[01m[Kconst char [3][m[K’
[0.989s]    87 |       std::shared_ptr<ClassB> class_b("n1"[01;36m[K)[m[K;
[0.989s]       |                                           [01;36m[K^[m[K
[0.989s] In file included from [01m[K/usr/include/c++/9/memory:81[m[K,
[0.989s]                  from [01m[K/home/eight/Downloads/Howard_ROS2_practice/catkin_ws/src/multi_pub/src/multi_pub.cpp:4[m[K:
[0.989s] [01m[K/usr/include/c++/9/bits/shared_ptr.h:234:2:[m[K [01;36m[Knote: [m[Kcandidate: ‘[01m[Ktemplate<class _Yp> std::shared_ptr<_Tp>::shared_ptr(const std::shared_ptr<_Yp>&, std::shared_ptr<_Tp>::element_type*)[m[K’
[0.989s]   234 |  [01;36m[Kshared_ptr[m[K(const shared_ptr<_Yp>& __r, element_type* __p) noexcept
[0.989s]       |  [01;36m[K^~~~~~~~~~[m[K
[0.989s] [01m[K/usr/include/c++/9/bits/shared_ptr.h:234:2:[m[K [01;36m[Knote: [m[K  template argument deduction/substitution failed:
[0.990s] [01m[K/home/eight/Downloads/Howard_ROS2_practice/catkin_ws/src/multi_pub/src/multi_pub.cpp:87:43:[m[K [01;36m[Knote: [m[K  mismatched types ‘[01m[Kconst std::shared_ptr<_Tp>[m[K’ and ‘[01m[Kconst char [3][m[K’
[0.990s]    87 |       std::shared_ptr<ClassB> class_b("n1"[01;36m[K)[m[K;
[0.990s]       |                                           [01;36m[K^[m[K
[0.990s] In file included from [01m[K/usr/include/c++/9/memory:81[m[K,
[0.990s]                  from [01m[K/home/eight/Downloads/Howard_ROS2_practice/catkin_ws/src/multi_pub/src/multi_pub.cpp:4[m[K:
[0.990s] [01m[K/usr/include/c++/9/bits/shared_ptr.h:212:2:[m[K [01;36m[Knote: [m[Kcandidate: ‘[01m[Ktemplate<class _Deleter, class _Alloc> std::shared_ptr<_Tp>::shared_ptr(std::nullptr_t, _Deleter, _Alloc)[m[K’
[0.990s]   212 |  [01;36m[Kshared_ptr[m[K(nullptr_t __p, _Deleter __d, _Alloc __a)
[0.990s]       |  [01;36m[K^~~~~~~~~~[m[K
[0.990s] [01m[K/usr/include/c++/9/bits/shared_ptr.h:212:2:[m[K [01;36m[Knote: [m[K  template argument deduction/substitution failed:
[0.990s] [01m[K/home/eight/Downloads/Howard_ROS2_practice/catkin_ws/src/multi_pub/src/multi_pub.cpp:87:43:[m[K [01;36m[Knote: [m[K  candidate expects 3 arguments, 1 provided
[0.990s]    87 |       std::shared_ptr<ClassB> class_b("n1"[01;36m[K)[m[K;
[0.990s]       |                                           [01;36m[K^[m[K
[0.990s] In file included from [01m[K/usr/include/c++/9/memory:81[m[K,
[0.990s]                  from [01m[K/home/eight/Downloads/Howard_ROS2_practice/catkin_ws/src/multi_pub/src/multi_pub.cpp:4[m[K:
[0.990s] [01m[K/usr/include/c++/9/bits/shared_ptr.h:193:2:[m[K [01;36m[Knote: [m[Kcandidate: ‘[01m[Ktemplate<class _Yp, class _Deleter, class _Alloc, class> std::shared_ptr<_Tp>::shared_ptr(_Yp*, _Deleter, _Alloc)[m[K’
[0.990s]   193 |  [01;36m[Kshared_ptr[m[K(_Yp* __p, _Deleter __d, _Alloc __a)
[0.990s]       |  [01;36m[K^~~~~~~~~~[m[K
[0.990s] [01m[K/usr/include/c++/9/bits/shared_ptr.h:193:2:[m[K [01;36m[Knote: [m[K  template argument deduction/substitution failed:
[0.990s] [01m[K/home/eight/Downloads/Howard_ROS2_practice/catkin_ws/src/multi_pub/src/multi_pub.cpp:87:43:[m[K [01;36m[Knote: [m[K  candidate expects 3 arguments, 1 provided
[0.990s]    87 |       std::shared_ptr<ClassB> class_b("n1"[01;36m[K)[m[K;
[0.991s]       |                                           [01;36m[K^[m[K
[0.991s] In file included from [01m[K/usr/include/c++/9/memory:81[m[K,
[0.991s]                  from [01m[K/home/eight/Downloads/Howard_ROS2_practice/catkin_ws/src/multi_pub/src/multi_pub.cpp:4[m[K:
[0.991s] [01m[K/usr/include/c++/9/bits/shared_ptr.h:173:2:[m[K [01;36m[Knote: [m[Kcandidate: ‘[01m[Ktemplate<class _Deleter> std::shared_ptr<_Tp>::shared_ptr(std::nullptr_t, _Deleter)[m[K’
[0.991s]   173 |  [01;36m[Kshared_ptr[m[K(nullptr_t __p, _Deleter __d)
[0.991s]       |  [01;36m[K^~~~~~~~~~[m[K
[0.991s] [01m[K/usr/include/c++/9/bits/shared_ptr.h:173:2:[m[K [01;36m[Knote: [m[K  template argument deduction/substitution failed:
[0.991s] [01m[K/home/eight/Downloads/Howard_ROS2_practice/catkin_ws/src/multi_pub/src/multi_pub.cpp:87:43:[m[K [01;36m[Knote: [m[K  candidate expects 2 arguments, 1 provided
[0.991s]    87 |       std::shared_ptr<ClassB> class_b("n1"[01;36m[K)[m[K;
[0.991s]       |                                           [01;36m[K^[m[K
[0.991s] In file included from [01m[K/usr/include/c++/9/memory:81[m[K,
[0.991s]                  from [01m[K/home/eight/Downloads/Howard_ROS2_practice/catkin_ws/src/multi_pub/src/multi_pub.cpp:4[m[K:
[0.991s] [01m[K/usr/include/c++/9/bits/shared_ptr.h:156:2:[m[K [01;36m[Knote: [m[Kcandidate: ‘[01m[Ktemplate<class _Yp, class _Deleter, class> std::shared_ptr<_Tp>::shared_ptr(_Yp*, _Deleter)[m[K’
[0.991s]   156 |  [01;36m[Kshared_ptr[m[K(_Yp* __p, _Deleter __d)
[0.992s]       |  [01;36m[K^~~~~~~~~~[m[K
[0.992s] [01m[K/usr/include/c++/9/bits/shared_ptr.h:156:2:[m[K [01;36m[Knote: [m[K  template argument deduction/substitution failed:
[0.992s] [01m[K/home/eight/Downloads/Howard_ROS2_practice/catkin_ws/src/multi_pub/src/multi_pub.cpp:87:43:[m[K [01;36m[Knote: [m[K  candidate expects 2 arguments, 1 provided
[0.992s]    87 |       std::shared_ptr<ClassB> class_b("n1"[01;36m[K)[m[K;
[0.992s]       |                                           [01;36m[K^[m[K
[0.992s] In file included from [01m[K/usr/include/c++/9/memory:81[m[K,
[0.992s]                  from [01m[K/home/eight/Downloads/Howard_ROS2_practice/catkin_ws/src/multi_pub/src/multi_pub.cpp:4[m[K:
[0.992s] [01m[K/usr/include/c++/9/bits/shared_ptr.h:139:2:[m[K [01;36m[Knote: [m[Kcandidate: ‘[01m[Ktemplate<class _Yp, class> std::shared_ptr<_Tp>::shared_ptr(_Yp*)[m[K’
[0.992s]   139 |  [01;36m[Kshared_ptr[m[K(_Yp* __p) : __shared_ptr<_Tp>(__p) { }
[0.992s]       |  [01;36m[K^~~~~~~~~~[m[K
[0.992s] [01m[K/usr/include/c++/9/bits/shared_ptr.h:139:2:[m[K [01;36m[Knote: [m[K  template argument deduction/substitution failed:
[0.992s] /usr/include/c++/9/bits/shared_ptr.h: In substitution of ‘[01m[Ktemplate<class _Tp> template<class ... _Args> using _Constructible = typename std::enable_if<std::is_constructible<std::__shared_ptr<_Tp>, _Args ...>::value>::type [with _Args = {const char*}; _Tp = ClassB][m[K’:
[0.992s] [01m[K/usr/include/c++/9/bits/shared_ptr.h:137:30:[m[K   required from here
[0.992s] [01m[K/usr/include/c++/9/bits/shared_ptr.h:106:8:[m[K [01;31m[Kerror: [m[Kno type named ‘[01m[Ktype[m[K’ in ‘[01m[Kstruct std::enable_if<false, void>[m[K’
[0.992s]   106 |  using [01;31m[K_Constructible[m[K = typename enable_if<
[0.992s]       |        [01;31m[K^~~~~~~~~~~~~~[m[K
[0.992s] [01m[K/usr/include/c++/9/bits/shared_ptr.h:129:7:[m[K [01;36m[Knote: [m[Kcandidate: ‘[01m[Kstd::shared_ptr<_Tp>::shared_ptr(const std::shared_ptr<_Tp>&) [with _Tp = ClassB][m[K’
[0.992s]   129 |       [01;36m[Kshared_ptr[m[K(const shared_ptr&) noexcept = default;
[0.992s]       |       [01;36m[K^~~~~~~~~~[m[K
[0.992s] [01m[K/usr/include/c++/9/bits/shared_ptr.h:129:18:[m[K [01;36m[Knote: [m[K  no known conversion for argument 1 from ‘[01m[Kconst char [3][m[K’ to ‘[01m[Kconst std::shared_ptr<ClassB>&[m[K’
[0.993s]   129 |       shared_ptr([01;36m[Kconst shared_ptr&[m[K) noexcept = default;
[0.993s]       |                  [01;36m[K^~~~~~~~~~~~~~~~~[m[K
[0.993s] [01m[K/usr/include/c++/9/bits/shared_ptr.h:127:17:[m[K [01;36m[Knote: [m[Kcandidate: ‘[01m[Kconstexpr std::shared_ptr<_Tp>::shared_ptr() [with _Tp = ClassB][m[K’
[0.993s]   127 |       constexpr [01;36m[Kshared_ptr[m[K() noexcept : __shared_ptr<_Tp>() { }
[0.993s]       |                 [01;36m[K^~~~~~~~~~[m[K
[0.993s] [01m[K/usr/include/c++/9/bits/shared_ptr.h:127:17:[m[K [01;36m[Knote: [m[K  candidate expects 0 arguments, 1 provided
[0.993s] [01m[K/home/eight/Downloads/Howard_ROS2_practice/catkin_ws/src/multi_pub/src/multi_pub.cpp:102:43:[m[K [01;31m[Kerror: [m[Kno matching function for call to ‘[01m[Kstd::shared_ptr<ClassB>::shared_ptr(const char [3])[m[K’
[0.993s]   102 |       std::shared_ptr<ClassB> class_c("n2"[01;31m[K)[m[K;
[0.993s]       |                                           [01;31m[K^[m[K
[0.993s] In file included from [01m[K/usr/include/c++/9/memory:81[m[K,
[0.993s]                  from [01m[K/home/eight/Downloads/Howard_ROS2_practice/catkin_ws/src/multi_pub/src/multi_pub.cpp:4[m[K:
[0.993s] [01m[K/usr/include/c++/9/bits/shared_ptr.h:367:7:[m[K [01;36m[Knote: [m[Kcandidate: ‘[01m[Kstd::shared_ptr<_Tp>::shared_ptr(const std::weak_ptr<_Tp>&, std::nothrow_t) [with _Tp = ClassB][m[K’
[0.993s]   367 |       [01;36m[Kshared_ptr[m[K(const weak_ptr<_Tp>& __r, std::nothrow_t)
[0.993s]       |       [01;36m[K^~~~~~~~~~[m[K
[0.993s] [01m[K/usr/include/c++/9/bits/shared_ptr.h:367:7:[m[K [01;36m[Knote: [m[K  candidate expects 2 arguments, 1 provided
[0.993s] [01m[K/usr/include/c++/9/bits/shared_ptr.h:358:2:[m[K [01;36m[Knote: [m[Kcandidate: ‘[01m[Ktemplate<class _Alloc, class ... _Args> std::shared_ptr<_Tp>::shared_ptr(std::_Sp_alloc_shared_tag<_Tp>, _Args&& ...)[m[K’
[0.993s]   358 |  [01;36m[Kshared_ptr[m[K(_Sp_alloc_shared_tag<_Alloc> __tag, _Args&&... __args)
[0.993s]       |  [01;36m[K^~~~~~~~~~[m[K
[0.993s] [01m[K/usr/include/c++/9/bits/shared_ptr.h:358:2:[m[K [01;36m[Knote: [m[K  template argument deduction/substitution failed:
[0.993s] [01m[K/home/eight/Downloads/Howard_ROS2_practice/catkin_ws/src/multi_pub/src/multi_pub.cpp:102:43:[m[K [01;36m[Knote: [m[K  mismatched types ‘[01m[Kstd::_Sp_alloc_shared_tag<_Tp>[m[K’ and ‘[01m[Kconst char*[m[K’
[0.993s]   102 |       std::shared_ptr<ClassB> class_c("n2"[01;36m[K)[m[K;
[0.993s]       |                                           [01;36m[K^[m[K
[0.994s] In file included from [01m[K/usr/include/c++/9/memory:81[m[K,
[0.994s]                  from [01m[K/home/eight/Downloads/Howard_ROS2_practice/catkin_ws/src/multi_pub/src/multi_pub.cpp:4[m[K:
[0.994s] [01m[K/usr/include/c++/9/bits/shared_ptr.h:307:17:[m[K [01;36m[Knote: [m[Kcandidate: ‘[01m[Kconstexpr std::shared_ptr<_Tp>::shared_ptr(std::nullptr_t) [with _Tp = ClassB; std::nullptr_t = std::nullptr_t][m[K’
[0.994s]   307 |       constexpr [01;36m[Kshared_ptr[m[K(nullptr_t) noexcept : shared_ptr() { }
[0.994s]       |                 [01;36m[K^~~~~~~~~~[m[K
[0.994s] [01m[K/usr/include/c++/9/bits/shared_ptr.h:307:28:[m[K [01;36m[Knote: [m[K  no known conversion for argument 1 from ‘[01m[Kconst char [3][m[K’ to ‘[01m[Kstd::nullptr_t[m[K’
[0.994s]   307 |       constexpr shared_ptr([01;36m[Knullptr_t[m[K) noexcept : shared_ptr() { }
[0.994s]       |                            [01;36m[K^~~~~~~~~[m[K
[0.994s] [01m[K/usr/include/c++/9/bits/shared_ptr.h:299:2:[m[K [01;36m[Knote: [m[Kcandidate: ‘[01m[Ktemplate<class _Yp, class _Del, std::shared_ptr<ClassB>::_Constructible<std::unique_ptr<_Tp, _Dp>, std::__sp_array_delete>* <anonymous> > std::shared_ptr<_Tp>::shared_ptr(std::unique_ptr<_Up, _Ep>&&)[m[K’
[0.994s]   299 |  [01;36m[Kshared_ptr[m[K(unique_ptr<_Yp, _Del>&& __r)
[0.994s]       |  [01;36m[K^~~~~~~~~~[m[K
[0.994s] [01m[K/usr/include/c++/9/bits/shared_ptr.h:299:2:[m[K [01;36m[Knote: [m[K  template argument deduction/substitution failed:
[0.994s] [01m[K/home/eight/Downloads/Howard_ROS2_practice/catkin_ws/src/multi_pub/src/multi_pub.cpp:102:43:[m[K [01;36m[Knote: [m[K  mismatched types ‘[01m[Kstd::unique_ptr<_Tp, _Dp>[m[K’ and ‘[01m[Kconst char [3][m[K’
[0.994s]   102 |       std::shared_ptr<ClassB> class_c("n2"[01;36m[K)[m[K;
[0.994s]       |                                           [01;36m[K^[m[K
[0.994s] In file included from [01m[K/usr/include/c++/9/memory:81[m[K,
[0.994s]                  from [01m[K/home/eight/Downloads/Howard_ROS2_practice/catkin_ws/src/multi_pub/src/multi_pub.cpp:4[m[K:
[0.994s] [01m[K/usr/include/c++/9/bits/shared_ptr.h:290:2:[m[K [01;36m[Knote: [m[Kcandidate: ‘[01m[Ktemplate<class _Yp, class _Del, class> std::shared_ptr<_Tp>::shared_ptr(std::unique_ptr<_Up, _Ep>&&)[m[K’
[0.994s]   290 |  [01;36m[Kshared_ptr[m[K(unique_ptr<_Yp, _Del>&& __r)
[0.994s]       |  [01;36m[K^~~~~~~~~~[m[K
[0.994s] [01m[K/usr/include/c++/9/bits/shared_ptr.h:290:2:[m[K [01;36m[Knote: [m[K  template argument deduction/substitution failed:
[0.995s] [01m[K/home/eight/Downloads/Howard_ROS2_practice/catkin_ws/src/multi_pub/src/multi_pub.cpp:102:43:[m[K [01;36m[Knote: [m[K  mismatched types ‘[01m[Kstd::unique_ptr<_Tp, _Dp>[m[K’ and ‘[01m[Kconst char [3][m[K’
[0.995s]   102 |       std::shared_ptr<ClassB> class_c("n2"[01;36m[K)[m[K;
[0.995s]       |                                           [01;36m[K^[m[K
[0.995s] In file included from [01m[K/usr/include/c++/9/memory:81[m[K,
[0.995s]                  from [01m[K/home/eight/Downloads/Howard_ROS2_practice/catkin_ws/src/multi_pub/src/multi_pub.cpp:4[m[K:
[0.995s] [01m[K/usr/include/c++/9/bits/shared_ptr.h:282:2:[m[K [01;36m[Knote: [m[Kcandidate: ‘[01m[Ktemplate<class _Yp, class> std::shared_ptr<_Tp>::shared_ptr(std::auto_ptr<_Up>&&)[m[K’
[0.995s]   282 |  [01;36m[Kshared_ptr[m[K(auto_ptr<_Yp>&& __r);
[0.995s]       |  [01;36m[K^~~~~~~~~~[m[K
[0.995s] [01m[K/usr/include/c++/9/bits/shared_ptr.h:282:2:[m[K [01;36m[Knote: [m[K  template argument deduction/substitution failed:
[0.995s] [01m[K/home/eight/Downloads/Howard_ROS2_practice/catkin_ws/src/multi_pub/src/multi_pub.cpp:102:43:[m[K [01;36m[Knote: [m[K  mismatched types ‘[01m[Kstd::auto_ptr<_Up>[m[K’ and ‘[01m[Kconst char [3][m[K’
[0.995s]   102 |       std::shared_ptr<ClassB> class_c("n2"[01;36m[K)[m[K;
[0.995s]       |                                           [01;36m[K^[m[K
[0.995s] In file included from [01m[K/usr/include/c++/9/memory:81[m[K,
[0.995s]                  from [01m[K/home/eight/Downloads/Howard_ROS2_practice/catkin_ws/src/multi_pub/src/multi_pub.cpp:4[m[K:
[0.995s] [01m[K/usr/include/c++/9/bits/shared_ptr.h:275:11:[m[K [01;36m[Knote: [m[Kcandidate: ‘[01m[Ktemplate<class _Yp, class> std::shared_ptr<_Tp>::shared_ptr(const std::weak_ptr<_Yp>&)[m[K’
[0.995s]   275 |  explicit [01;36m[Kshared_ptr[m[K(const weak_ptr<_Yp>& __r)
[0.995s]       |           [01;36m[K^~~~~~~~~~[m[K
[0.995s] [01m[K/usr/include/c++/9/bits/shared_ptr.h:275:11:[m[K [01;36m[Knote: [m[K  template argument deduction/substitution failed:
[0.995s] [01m[K/home/eight/Downloads/Howard_ROS2_practice/catkin_ws/src/multi_pub/src/multi_pub.cpp:102:43:[m[K [01;36m[Knote: [m[K  mismatched types ‘[01m[Kconst std::weak_ptr<_Tp>[m[K’ and ‘[01m[Kconst char [3][m[K’
[0.995s]   102 |       std::shared_ptr<ClassB> class_c("n2"[01;36m[K)[m[K;
[0.995s]       |                                           [01;36m[K^[m[K
[0.996s] In file included from [01m[K/usr/include/c++/9/memory:81[m[K,
[0.996s]                  from [01m[K/home/eight/Downloads/Howard_ROS2_practice/catkin_ws/src/multi_pub/src/multi_pub.cpp:4[m[K:
[0.996s] [01m[K/usr/include/c++/9/bits/shared_ptr.h:263:2:[m[K [01;36m[Knote: [m[Kcandidate: ‘[01m[Ktemplate<class _Yp, class> std::shared_ptr<_Tp>::shared_ptr(std::shared_ptr<_Yp>&&)[m[K’
[0.996s]   263 |  [01;36m[Kshared_ptr[m[K(shared_ptr<_Yp>&& __r) noexcept
[0.996s]       |  [01;36m[K^~~~~~~~~~[m[K
[0.996s] [01m[K/usr/include/c++/9/bits/shared_ptr.h:263:2:[m[K [01;36m[Knote: [m[K  template argument deduction/substitution failed:
[0.996s] [01m[K/home/eight/Downloads/Howard_ROS2_practice/catkin_ws/src/multi_pub/src/multi_pub.cpp:102:43:[m[K [01;36m[Knote: [m[K  mismatched types ‘[01m[Kstd::shared_ptr<_Tp>[m[K’ and ‘[01m[Kconst char [3][m[K’
[0.996s]   102 |       std::shared_ptr<ClassB> class_c("n2"[01;36m[K)[m[K;
[0.996s]       |                                           [01;36m[K^[m[K
[0.996s] In file included from [01m[K/usr/include/c++/9/memory:81[m[K,
[0.996s]                  from [01m[K/home/eight/Downloads/Howard_ROS2_practice/catkin_ws/src/multi_pub/src/multi_pub.cpp:4[m[K:
[0.996s] [01m[K/usr/include/c++/9/bits/shared_ptr.h:254:7:[m[K [01;36m[Knote: [m[Kcandidate: ‘[01m[Kstd::shared_ptr<_Tp>::shared_ptr(std::shared_ptr<_Tp>&&) [with _Tp = ClassB][m[K’
[0.996s]   254 |       [01;36m[Kshared_ptr[m[K(shared_ptr&& __r) noexcept
[0.996s]       |       [01;36m[K^~~~~~~~~~[m[K
[0.996s] [01m[K/usr/include/c++/9/bits/shared_ptr.h:254:31:[m[K [01;36m[Knote: [m[K  no known conversion for argument 1 from ‘[01m[Kconst char [3][m[K’ to ‘[01m[Kstd::shared_ptr<ClassB>&&[m[K’
[0.996s]   254 |       shared_ptr([01;36m[Kshared_ptr&& __r[m[K) noexcept
[0.996s]       |                  [01;36m[K~~~~~~~~~~~~~^~~[m[K
[0.996s] [01m[K/usr/include/c++/9/bits/shared_ptr.h:246:2:[m[K [01;36m[Knote: [m[Kcandidate: ‘[01m[Ktemplate<class _Yp, class> std::shared_ptr<_Tp>::shared_ptr(const std::shared_ptr<_Yp>&)[m[K’
[0.996s]   246 |  [01;36m[Kshared_ptr[m[K(const shared_ptr<_Yp>& __r) noexcept
[0.996s]       |  [01;36m[K^~~~~~~~~~[m[K
[0.997s] [01m[K/usr/include/c++/9/bits/shared_ptr.h:246:2:[m[K [01;36m[Knote: [m[K  template argument deduction/substitution failed:
[0.997s] [01m[K/home/eight/Downloads/Howard_ROS2_practice/catkin_ws/src/multi_pub/src/multi_pub.cpp:102:43:[m[K [01;36m[Knote: [m[K  mismatched types ‘[01m[Kconst std::shared_ptr<_Tp>[m[K’ and ‘[01m[Kconst char [3][m[K’
[0.997s]   102 |       std::shared_ptr<ClassB> class_c("n2"[01;36m[K)[m[K;
[0.997s]       |                                           [01;36m[K^[m[K
[0.997s] In file included from [01m[K/usr/include/c++/9/memory:81[m[K,
[0.997s]                  from [01m[K/home/eight/Downloads/Howard_ROS2_practice/catkin_ws/src/multi_pub/src/multi_pub.cpp:4[m[K:
[0.997s] [01m[K/usr/include/c++/9/bits/shared_ptr.h:234:2:[m[K [01;36m[Knote: [m[Kcandidate: ‘[01m[Ktemplate<class _Yp> std::shared_ptr<_Tp>::shared_ptr(const std::shared_ptr<_Yp>&, std::shared_ptr<_Tp>::element_type*)[m[K’
[0.997s]   234 |  [01;36m[Kshared_ptr[m[K(const shared_ptr<_Yp>& __r, element_type* __p) noexcept
[0.997s]       |  [01;36m[K^~~~~~~~~~[m[K
[0.997s] [01m[K/usr/include/c++/9/bits/shared_ptr.h:234:2:[m[K [01;36m[Knote: [m[K  template argument deduction/substitution failed:
[0.997s] [01m[K/home/eight/Downloads/Howard_ROS2_practice/catkin_ws/src/multi_pub/src/multi_pub.cpp:102:43:[m[K [01;36m[Knote: [m[K  mismatched types ‘[01m[Kconst std::shared_ptr<_Tp>[m[K’ and ‘[01m[Kconst char [3][m[K’
[0.997s]   102 |       std::shared_ptr<ClassB> class_c("n2"[01;36m[K)[m[K;
[0.997s]       |                                           [01;36m[K^[m[K
[0.997s] In file included from [01m[K/usr/include/c++/9/memory:81[m[K,
[0.997s]                  from [01m[K/home/eight/Downloads/Howard_ROS2_practice/catkin_ws/src/multi_pub/src/multi_pub.cpp:4[m[K:
[0.997s] [01m[K/usr/include/c++/9/bits/shared_ptr.h:212:2:[m[K [01;36m[Knote: [m[Kcandidate: ‘[01m[Ktemplate<class _Deleter, class _Alloc> std::shared_ptr<_Tp>::shared_ptr(std::nullptr_t, _Deleter, _Alloc)[m[K’
[0.997s]   212 |  [01;36m[Kshared_ptr[m[K(nullptr_t __p, _Deleter __d, _Alloc __a)
[0.997s]       |  [01;36m[K^~~~~~~~~~[m[K
[0.997s] [01m[K/usr/include/c++/9/bits/shared_ptr.h:212:2:[m[K [01;36m[Knote: [m[K  template argument deduction/substitution failed:
[0.997s] [01m[K/home/eight/Downloads/Howard_ROS2_practice/catkin_ws/src/multi_pub/src/multi_pub.cpp:102:43:[m[K [01;36m[Knote: [m[K  candidate expects 3 arguments, 1 provided
[0.997s]   102 |       std::shared_ptr<ClassB> class_c("n2"[01;36m[K)[m[K;
[0.998s]       |                                           [01;36m[K^[m[K
[0.998s] In file included from [01m[K/usr/include/c++/9/memory:81[m[K,
[0.998s]                  from [01m[K/home/eight/Downloads/Howard_ROS2_practice/catkin_ws/src/multi_pub/src/multi_pub.cpp:4[m[K:
[0.998s] [01m[K/usr/include/c++/9/bits/shared_ptr.h:193:2:[m[K [01;36m[Knote: [m[Kcandidate: ‘[01m[Ktemplate<class _Yp, class _Deleter, class _Alloc, class> std::shared_ptr<_Tp>::shared_ptr(_Yp*, _Deleter, _Alloc)[m[K’
[0.998s]   193 |  [01;36m[Kshared_ptr[m[K(_Yp* __p, _Deleter __d, _Alloc __a)
[0.998s]       |  [01;36m[K^~~~~~~~~~[m[K
[0.998s] [01m[K/usr/include/c++/9/bits/shared_ptr.h:193:2:[m[K [01;36m[Knote: [m[K  template argument deduction/substitution failed:
[0.998s] [01m[K/home/eight/Downloads/Howard_ROS2_practice/catkin_ws/src/multi_pub/src/multi_pub.cpp:102:43:[m[K [01;36m[Knote: [m[K  candidate expects 3 arguments, 1 provided
[0.998s]   102 |       std::shared_ptr<ClassB> class_c("n2"[01;36m[K)[m[K;
[0.998s]       |                                           [01;36m[K^[m[K
[0.998s] In file included from [01m[K/usr/include/c++/9/memory:81[m[K,
[0.998s]                  from [01m[K/home/eight/Downloads/Howard_ROS2_practice/catkin_ws/src/multi_pub/src/multi_pub.cpp:4[m[K:
[0.998s] [01m[K/usr/include/c++/9/bits/shared_ptr.h:173:2:[m[K [01;36m[Knote: [m[Kcandidate: ‘[01m[Ktemplate<class _Deleter> std::shared_ptr<_Tp>::shared_ptr(std::nullptr_t, _Deleter)[m[K’
[0.998s]   173 |  [01;36m[Kshared_ptr[m[K(nullptr_t __p, _Deleter __d)
[0.998s]       |  [01;36m[K^~~~~~~~~~[m[K
[0.998s] [01m[K/usr/include/c++/9/bits/shared_ptr.h:173:2:[m[K [01;36m[Knote: [m[K  template argument deduction/substitution failed:
[0.998s] [01m[K/home/eight/Downloads/Howard_ROS2_practice/catkin_ws/src/multi_pub/src/multi_pub.cpp:102:43:[m[K [01;36m[Knote: [m[K  candidate expects 2 arguments, 1 provided
[0.998s]   102 |       std::shared_ptr<ClassB> class_c("n2"[01;36m[K)[m[K;
[0.998s]       |                                           [01;36m[K^[m[K
[0.998s] In file included from [01m[K/usr/include/c++/9/memory:81[m[K,
[0.999s]                  from [01m[K/home/eight/Downloads/Howard_ROS2_practice/catkin_ws/src/multi_pub/src/multi_pub.cpp:4[m[K:
[0.999s] [01m[K/usr/include/c++/9/bits/shared_ptr.h:156:2:[m[K [01;36m[Knote: [m[Kcandidate: ‘[01m[Ktemplate<class _Yp, class _Deleter, class> std::shared_ptr<_Tp>::shared_ptr(_Yp*, _Deleter)[m[K’
[0.999s]   156 |  [01;36m[Kshared_ptr[m[K(_Yp* __p, _Deleter __d)
[0.999s]       |  [01;36m[K^~~~~~~~~~[m[K
[0.999s] [01m[K/usr/include/c++/9/bits/shared_ptr.h:156:2:[m[K [01;36m[Knote: [m[K  template argument deduction/substitution failed:
[0.999s] [01m[K/home/eight/Downloads/Howard_ROS2_practice/catkin_ws/src/multi_pub/src/multi_pub.cpp:102:43:[m[K [01;36m[Knote: [m[K  candidate expects 2 arguments, 1 provided
[0.999s]   102 |       std::shared_ptr<ClassB> class_c("n2"[01;36m[K)[m[K;
[0.999s]       |                                           [01;36m[K^[m[K
[0.999s] In file included from [01m[K/usr/include/c++/9/memory:81[m[K,
[0.999s]                  from [01m[K/home/eight/Downloads/Howard_ROS2_practice/catkin_ws/src/multi_pub/src/multi_pub.cpp:4[m[K:
[0.999s] [01m[K/usr/include/c++/9/bits/shared_ptr.h:139:2:[m[K [01;36m[Knote: [m[Kcandidate: ‘[01m[Ktemplate<class _Yp, class> std::shared_ptr<_Tp>::shared_ptr(_Yp*)[m[K’
[0.999s]   139 |  [01;36m[Kshared_ptr[m[K(_Yp* __p) : __shared_ptr<_Tp>(__p) { }
[0.999s]       |  [01;36m[K^~~~~~~~~~[m[K
[0.999s] [01m[K/usr/include/c++/9/bits/shared_ptr.h:139:2:[m[K [01;36m[Knote: [m[K  template argument deduction/substitution failed:
[0.999s] [01m[K/usr/include/c++/9/bits/shared_ptr.h:129:7:[m[K [01;36m[Knote: [m[Kcandidate: ‘[01m[Kstd::shared_ptr<_Tp>::shared_ptr(const std::shared_ptr<_Tp>&) [with _Tp = ClassB][m[K’
[0.999s]   129 |       [01;36m[Kshared_ptr[m[K(const shared_ptr&) noexcept = default;
[0.999s]       |       [01;36m[K^~~~~~~~~~[m[K
[0.999s] [01m[K/usr/include/c++/9/bits/shared_ptr.h:129:18:[m[K [01;36m[Knote: [m[K  no known conversion for argument 1 from ‘[01m[Kconst char [3][m[K’ to ‘[01m[Kconst std::shared_ptr<ClassB>&[m[K’
[0.999s]   129 |       shared_ptr([01;36m[Kconst shared_ptr&[m[K) noexcept = default;
[0.999s]       |                  [01;36m[K^~~~~~~~~~~~~~~~~[m[K
[0.999s] [01m[K/usr/include/c++/9/bits/shared_ptr.h:127:17:[m[K [01;36m[Knote: [m[Kcandidate: ‘[01m[Kconstexpr std::shared_ptr<_Tp>::shared_ptr() [with _Tp = ClassB][m[K’
[0.999s]   127 |       constexpr [01;36m[Kshared_ptr[m[K() noexcept : __shared_ptr<_Tp>() { }
[1.000s]       |                 [01;36m[K^~~~~~~~~~[m[K
[1.000s] [01m[K/usr/include/c++/9/bits/shared_ptr.h:127:17:[m[K [01;36m[Knote: [m[K  candidate expects 0 arguments, 1 provided
[1.668s] make[2]: *** [CMakeFiles/multi_pub.dir/build.make:63: CMakeFiles/multi_pub.dir/src/multi_pub.cpp.o] Error 1
[1.669s] make[1]: *** [CMakeFiles/Makefile2:107: CMakeFiles/multi_pub.dir/all] Error 2
[1.669s] make: *** [Makefile:141: all] Error 2
[1.671s] Invoked command in '/home/eight/Downloads/Howard_ROS2_practice/catkin_ws/build/multi_pub' returned '2': CMAKE_PREFIX_PATH=${CMAKE_PREFIX_PATH}:/opt/ros/foxy CONDA_PROMPT_MODIFIER=(base) /usr/bin/cmake --build /home/eight/Downloads/Howard_ROS2_practice/catkin_ws/build/multi_pub -- -j16 -l16
