[0.012s] Invoking command in '/home/eight/Downloads/Howard_ROS2_practice/catkin_ws/build/multi_pub': CMAKE_PREFIX_PATH=${CMAKE_PREFIX_PATH}:/opt/ros/foxy CONDA_PROMPT_MODIFIER=(base) /usr/bin/cmake --build /home/eight/Downloads/Howard_ROS2_practice/catkin_ws/build/multi_pub -- -j16 -l16
[0.043s] [35m[1mScanning dependencies of target multi_pub[0m
[0.056s] [ 50%] Built target my_subscriber
[0.058s] [ 75%] [32mBuilding CXX object CMakeFiles/multi_pub.dir/src/multi_pub.cpp.o[0m
[0.965s] In file included from [01m[K/home/eight/Downloads/Howard_ROS2_practice/catkin_ws/src/multi_pub/src/multi_pub.cpp:9[m[K:
[0.965s] [01m[K/home/eight/Downloads/Howard_ROS2_practice/catkin_ws/src/multi_pub/src/classB.cpp:[m[K In constructor ‘[01m[KClassB::ClassB(rclcpp::Node::SharedPtr)[m[K’:
[0.965s] [01m[K/home/eight/Downloads/Howard_ROS2_practice/catkin_ws/src/multi_pub/src/classB.cpp:14:83:[m[K [01;31m[Kerror: [m[K‘[01m[Kname[m[K’ was not declared in this scope; did you mean ‘[01m[Krosidl_generator_traits::name[m[K’?
[0.965s]    14 |   publisher_ = node->create_publisher<std_msgs::msg::String>("/classB/Publisher/"+[01;31m[Kname[m[K, 10);
[0.965s]       |                                                                                   [01;31m[K^~~~[m[K
[0.965s]       |                                                                                   [32m[Krosidl_generator_traits::name[m[K
[0.965s] In file included from [01m[K/opt/ros/foxy/include/builtin_interfaces/msg/detail/duration__traits.hpp:9[m[K,
[0.965s]                  from [01m[K/opt/ros/foxy/include/builtin_interfaces/msg/duration.hpp:9[m[K,
[0.965s]                  from [01m[K/opt/ros/foxy/include/rclcpp/duration.hpp:20[m[K,
[0.965s]                  from [01m[K/opt/ros/foxy/include/rclcpp/qos.hpp:20[m[K,
[0.966s]                  from [01m[K/opt/ros/foxy/include/rclcpp/node_interfaces/node_graph_interface.hpp:31[m[K,
[0.966s]                  from [01m[K/opt/ros/foxy/include/rclcpp/client.hpp:34[m[K,
[0.966s]                  from [01m[K/opt/ros/foxy/include/rclcpp/callback_group.hpp:23[m[K,
[0.966s]                  from [01m[K/opt/ros/foxy/include/rclcpp/any_executable.hpp:20[m[K,
[0.966s]                  from [01m[K/opt/ros/foxy/include/rclcpp/memory_strategy.hpp:24[m[K,
[0.966s]                  from [01m[K/opt/ros/foxy/include/rclcpp/memory_strategies.hpp:18[m[K,
[0.966s]                  from [01m[K/opt/ros/foxy/include/rclcpp/executor_options.hpp:20[m[K,
[0.966s]                  from [01m[K/opt/ros/foxy/include/rclcpp/executor.hpp:33[m[K,
[0.966s]                  from [01m[K/opt/ros/foxy/include/rclcpp/executors/multi_threaded_executor.hpp:26[m[K,
[0.966s]                  from [01m[K/opt/ros/foxy/include/rclcpp/executors.hpp:21[m[K,
[0.966s]                  from [01m[K/opt/ros/foxy/include/rclcpp/rclcpp.hpp:146[m[K,
[0.966s]                  from [01m[K/home/eight/Downloads/Howard_ROS2_practice/catkin_ws/src/multi_pub/src/multi_pub.cpp:7[m[K:
[0.966s] [01m[K/opt/ros/foxy/include/rosidl_runtime_cpp/traits.hpp:27:21:[m[K [01;36m[Knote: [m[K‘[01m[Krosidl_generator_traits::name[m[K’ declared here
[0.966s]    27 | inline const char * [01;36m[Kname[m[K();
[0.966s]       |                     [01;36m[K^~~~[m[K
[1.334s] In file included from [01m[K/usr/include/x86_64-linux-gnu/c++/9/bits/c++allocator.h:33[m[K,
[1.334s]                  from [01m[K/usr/include/c++/9/bits/allocator.h:46[m[K,
[1.334s]                  from [01m[K/usr/include/c++/9/string:41[m[K,
[1.334s]                  from [01m[K/usr/include/c++/9/stdexcept:39[m[K,
[1.334s]                  from [01m[K/usr/include/c++/9/array:39[m[K,
[1.334s]                  from [01m[K/usr/include/c++/9/tuple:39[m[K,
[1.334s]                  from [01m[K/usr/include/c++/9/functional:54[m[K,
[1.334s]                  from [01m[K/home/eight/Downloads/Howard_ROS2_practice/catkin_ws/src/multi_pub/src/multi_pub.cpp:3[m[K:
[1.334s] /usr/include/c++/9/ext/new_allocator.h: In instantiation of ‘[01m[Kvoid __gnu_cxx::new_allocator<_Tp>::construct(_Up*, _Args&& ...) [with _Up = ClassB; _Args = {std::shared_ptr<rclcpp::Node>, const char (&)[3]}; _Tp = ClassB][m[K’:
[1.334s] [01m[K/usr/include/c++/9/bits/alloc_traits.h:483:4:[m[K   required from ‘[01m[Kstatic void std::allocator_traits<std::allocator<_CharT> >::construct(std::allocator_traits<std::allocator<_CharT> >::allocator_type&, _Up*, _Args&& ...) [with _Up = ClassB; _Args = {std::shared_ptr<rclcpp::Node>, const char (&)[3]}; _Tp = ClassB; std::allocator_traits<std::allocator<_CharT> >::allocator_type = std::allocator<ClassB>][m[K’
[1.334s] [01m[K/usr/include/c++/9/bits/shared_ptr_base.h:548:39:[m[K   required from ‘[01m[Kstd::_Sp_counted_ptr_inplace<_Tp, _Alloc, _Lp>::_Sp_counted_ptr_inplace(_Alloc, _Args&& ...) [with _Args = {std::shared_ptr<rclcpp::Node>, const char (&)[3]}; _Tp = ClassB; _Alloc = std::allocator<ClassB>; __gnu_cxx::_Lock_policy _Lp = __gnu_cxx::_S_atomic][m[K’
[1.334s] [01m[K/usr/include/c++/9/bits/shared_ptr_base.h:679:16:[m[K   required from ‘[01m[Kstd::__shared_count<_Lp>::__shared_count(_Tp*&, std::_Sp_alloc_shared_tag<_Alloc>, _Args&& ...) [with _Tp = ClassB; _Alloc = std::allocator<ClassB>; _Args = {std::shared_ptr<rclcpp::Node>, const char (&)[3]}; __gnu_cxx::_Lock_policy _Lp = __gnu_cxx::_S_atomic][m[K’
[1.334s] [01m[K/usr/include/c++/9/bits/shared_ptr_base.h:1344:71:[m[K   required from ‘[01m[Kstd::__shared_ptr<_Tp, _Lp>::__shared_ptr(std::_Sp_alloc_shared_tag<_Tp>, _Args&& ...) [with _Alloc = std::allocator<ClassB>; _Args = {std::shared_ptr<rclcpp::Node>, const char (&)[3]}; _Tp = ClassB; __gnu_cxx::_Lock_policy _Lp = __gnu_cxx::_S_atomic][m[K’
[1.334s] [01m[K/usr/include/c++/9/bits/shared_ptr.h:359:59:[m[K   required from ‘[01m[Kstd::shared_ptr<_Tp>::shared_ptr(std::_Sp_alloc_shared_tag<_Tp>, _Args&& ...) [with _Alloc = std::allocator<ClassB>; _Args = {std::shared_ptr<rclcpp::Node>, const char (&)[3]}; _Tp = ClassB][m[K’
[1.334s] [01m[K/usr/include/c++/9/bits/shared_ptr.h:701:14:[m[K   required from ‘[01m[Kstd::shared_ptr<_Tp> std::allocate_shared(const _Alloc&, _Args&& ...) [with _Tp = ClassB; _Alloc = std::allocator<ClassB>; _Args = {std::shared_ptr<rclcpp::Node>, const char (&)[3]}][m[K’
[1.335s] [01m[K/usr/include/c++/9/bits/shared_ptr.h:717:39:[m[K   required from ‘[01m[Kstd::shared_ptr<_Tp> std::make_shared(_Args&& ...) [with _Tp = ClassB; _Args = {std::shared_ptr<rclcpp::Node>, const char (&)[3]}][m[K’
[1.335s] [01m[K/home/eight/Downloads/Howard_ROS2_practice/catkin_ws/src/multi_pub/src/multi_pub.cpp:88:66:[m[K   required from here
[1.335s] [01m[K/usr/include/c++/9/ext/new_allocator.h:146:4:[m[K [01;31m[Kerror: [m[Kno matching function for call to ‘[01m[KClassB::ClassB(std::shared_ptr<rclcpp::Node>, const char [3])[m[K’
[1.335s]   146 |  { [01;31m[K::new((void *)__p) _Up(std::forward<_Args>(__args)...)[m[K; }
[1.335s]       |    [01;31m[K^~~~~~~~~~~~~~~~~~~~~~~~~~~~~~~~~~~~~~~~~~~~~~~~~~~~~~[m[K
[1.335s] In file included from [01m[K/home/eight/Downloads/Howard_ROS2_practice/catkin_ws/src/multi_pub/src/multi_pub.cpp:9[m[K:
[1.335s] [01m[K/home/eight/Downloads/Howard_ROS2_practice/catkin_ws/src/multi_pub/src/classB.cpp:12:1:[m[K [01;36m[Knote: [m[Kcandidate: ‘[01m[KClassB::ClassB(rclcpp::Node::SharedPtr)[m[K’
[1.335s]    12 | [01;36m[KClassB[m[K::ClassB(rclcpp::Node::SharedPtr node) : node_(node) {
[1.335s]       | [01;36m[K^~~~~~[m[K
[1.335s] [01m[K/home/eight/Downloads/Howard_ROS2_practice/catkin_ws/src/multi_pub/src/classB.cpp:12:1:[m[K [01;36m[Knote: [m[K  candidate expects 1 argument, 2 provided
[1.335s] [01m[K/home/eight/Downloads/Howard_ROS2_practice/catkin_ws/src/multi_pub/src/classB.cpp:1:7:[m[K [01;36m[Knote: [m[Kcandidate: ‘[01m[KClassB::ClassB(const ClassB&)[m[K’
[1.335s]     1 | class [01;36m[KClassB[m[K {
[1.335s]       |       [01;36m[K^~~~~~[m[K
[1.335s] [01m[K/home/eight/Downloads/Howard_ROS2_practice/catkin_ws/src/multi_pub/src/classB.cpp:1:7:[m[K [01;36m[Knote: [m[K  candidate expects 1 argument, 2 provided
[1.335s] [01m[K/home/eight/Downloads/Howard_ROS2_practice/catkin_ws/src/multi_pub/src/classB.cpp:1:7:[m[K [01;36m[Knote: [m[Kcandidate: ‘[01m[KClassB::ClassB(ClassB&&)[m[K’
[1.335s] [01m[K/home/eight/Downloads/Howard_ROS2_practice/catkin_ws/src/multi_pub/src/classB.cpp:1:7:[m[K [01;36m[Knote: [m[K  candidate expects 1 argument, 2 provided
[1.701s] make[2]: *** [CMakeFiles/multi_pub.dir/build.make:63: CMakeFiles/multi_pub.dir/src/multi_pub.cpp.o] Error 1
[1.701s] make[1]: *** [CMakeFiles/Makefile2:107: CMakeFiles/multi_pub.dir/all] Error 2
[1.701s] make: *** [Makefile:141: all] Error 2
[1.704s] Invoked command in '/home/eight/Downloads/Howard_ROS2_practice/catkin_ws/build/multi_pub' returned '2': CMAKE_PREFIX_PATH=${CMAKE_PREFIX_PATH}:/opt/ros/foxy CONDA_PROMPT_MODIFIER=(base) /usr/bin/cmake --build /home/eight/Downloads/Howard_ROS2_practice/catkin_ws/build/multi_pub -- -j16 -l16
