[0.010s] Invoking command in '/home/eight/Downloads/Howard_ROS2_practice/catkin_ws/build/multi_pub': CMAKE_PREFIX_PATH=/opt/ros/foxy CONDA_PROMPT_MODIFIER=(base) /usr/bin/cmake /home/eight/Downloads/Howard_ROS2_practice/catkin_ws/src/multi_pub -DAMENT_CMAKE_SYMLINK_INSTALL=1 -DCMAKE_INSTALL_PREFIX=/home/eight/Downloads/Howard_ROS2_practice/catkin_ws/install/multi_pub
[0.049s] -- The C compiler identification is GNU 9.4.0
[0.085s] -- The CXX compiler identification is GNU 9.4.0
[0.088s] -- Check for working C compiler: /usr/bin/cc
[0.136s] -- Check for working C compiler: /usr/bin/cc -- works
[0.137s] -- Detecting C compiler ABI info
[0.195s] -- Detecting C compiler ABI info - done
[0.208s] -- Detecting C compile features
[0.208s] -- Detecting C compile features - done
[0.211s] -- Check for working CXX compiler: /usr/bin/c++
[0.279s] -- Check for working CXX compiler: /usr/bin/c++ -- works
[0.280s] -- Detecting CXX compiler ABI info
[0.341s] -- Detecting CXX compiler ABI info - done
[0.353s] -- Detecting CXX compile features
[0.353s] -- Detecting CXX compile features - done
[0.355s] -- Found ament_cmake: 0.9.11 (/opt/ros/foxy/share/ament_cmake/cmake)
[0.381s] -- Found PythonInterp: /home/eight/anaconda3/bin/python3 (found suitable version "3.9.7", minimum required is "3") 
[0.381s] -- Using PYTHON_EXECUTABLE: /home/eight/anaconda3/bin/python3
[0.552s] -- Override CMake install command with custom implementation using symlinks instead of copying resources
[0.576s] -- Found std_msgs: 2.0.5 (/opt/ros/foxy/share/std_msgs/cmake)
[0.596s] -- Using all available rosidl_typesupport_c: rosidl_typesupport_fastrtps_c;rosidl_typesupport_introspection_c
[0.601s] -- Found rosidl_adapter: 1.3.0 (/opt/ros/foxy/share/rosidl_adapter/cmake)
[0.656s] -- Found OpenSSL: /usr/lib/x86_64-linux-gnu/libcrypto.so (found version "1.1.1f")  
[0.678s] -- Found FastRTPS: /opt/ros/foxy/include  
[0.738s] -- Using all available rosidl_typesupport_cpp: rosidl_typesupport_fastrtps_cpp;rosidl_typesupport_introspection_cpp
[0.774s] -- Found rclcpp: 2.4.2 (/opt/ros/foxy/share/rclcpp/cmake)
[0.807s] -- Found rmw_implementation_cmake: 1.0.3 (/opt/ros/foxy/share/rmw_implementation_cmake/cmake)
[0.808s] -- Using RMW implementation 'rmw_fastrtps_cpp' as default
[0.809s] -- Looking for pthread.h
[0.859s] -- Looking for pthread.h - found
[0.859s] -- Performing Test CMAKE_HAVE_LIBC_PTHREAD
[0.911s] -- Performing Test CMAKE_HAVE_LIBC_PTHREAD - Failed
[0.911s] -- Looking for pthread_create in pthreads
[0.965s] -- Looking for pthread_create in pthreads - not found
[0.965s] -- Looking for pthread_create in pthread
[1.071s] -- Looking for pthread_create in pthread - found
[1.074s] -- Found Threads: TRUE  
[1.214s] -- Found geometry_msgs: 2.0.5 (/opt/ros/foxy/share/geometry_msgs/cmake)
[1.243s] -- Found ament_lint_auto: 0.9.7 (/opt/ros/foxy/share/ament_lint_auto/cmake)
[1.342s] -- Added test 'copyright' to check source files copyright and LICENSE
[1.342s] -- Added test 'cppcheck' to perform static code analysis on C / C++ code
[1.343s] -- Configured cppcheck include dirs: 
[1.343s] -- Configured cppcheck exclude dirs and/or files: 
[1.343s] -- Added test 'cpplint' to check C / C++ code against the Google style
[1.343s] -- Configured cpplint exclude dirs and/or files: 
[1.344s] -- Added test 'lint_cmake' to check CMake code style
[1.344s] -- Added test 'uncrustify' to check C / C++ code style
[1.344s] -- Configured uncrustify additional arguments: 
[1.345s] -- Added test 'xmllint' to check XML markup files
[1.347s] -- Configuring done
[1.348s] CMake Error at CMakeLists.txt:35 (add_executable):
[1.348s]   Cannot find source file:
[1.348s] 
[1.348s]     src/multi_pub.cpp
[1.348s] 
[1.348s]   Tried extensions .c .C .c++ .cc .cpp .cxx .cu .m .M .mm .h .hh .h++ .hm
[1.348s]   .hpp .hxx .in .txx
[1.348s] 
[1.348s] 
[1.348s] CMake Error at CMakeLists.txt:35 (add_executable):
[1.348s]   No SOURCES given to target: multi_pub
[1.349s] 
[1.349s] 
[1.349s] CMake Generate step failed.  Build files cannot be regenerated correctly.
[1.353s] Invoked command in '/home/eight/Downloads/Howard_ROS2_practice/catkin_ws/build/multi_pub' returned '1': CMAKE_PREFIX_PATH=/opt/ros/foxy CONDA_PROMPT_MODIFIER=(base) /usr/bin/cmake /home/eight/Downloads/Howard_ROS2_practice/catkin_ws/src/multi_pub -DAMENT_CMAKE_SYMLINK_INSTALL=1 -DCMAKE_INSTALL_PREFIX=/home/eight/Downloads/Howard_ROS2_practice/catkin_ws/install/multi_pub
