-- Found ament_cmake: 0.9.11 (/opt/ros/foxy/share/ament_cmake/cmake)
-- Using PYTHON_EXECUTABLE: /home/eight/anaconda3/bin/python3
-- Override CMake install command with custom implementation using symlinks instead of copying resources
-- Found std_msgs: 2.0.5 (/opt/ros/foxy/share/std_msgs/cmake)
-- Using all available rosidl_typesupport_c: rosidl_typesupport_fastrtps_c;rosidl_typesupport_introspection_c
-- Found rosidl_adapter: 1.3.0 (/opt/ros/foxy/share/rosidl_adapter/cmake)
-- Using all available rosidl_typesupport_cpp: rosidl_typesupport_fastrtps_cpp;rosidl_typesupport_introspection_cpp
-- Found rclcpp: 2.4.2 (/opt/ros/foxy/share/rclcpp/cmake)
-- Found rmw_implementation_cmake: 1.0.3 (/opt/ros/foxy/share/rmw_implementation_cmake/cmake)
-- Using RMW implementation 'rmw_fastrtps_cpp' as default
-- Found geometry_msgs: 2.0.5 (/opt/ros/foxy/share/geometry_msgs/cmake)
-- Found ament_lint_auto: 0.9.7 (/opt/ros/foxy/share/ament_lint_auto/cmake)
-- Added test 'copyright' to check source files copyright and LICENSE
-- Added test 'cppcheck' to perform static code analysis on C / C++ code
-- Configured cppcheck include dirs: 
-- Configured cppcheck exclude dirs and/or files: 
-- Added test 'cpplint' to check C / C++ code against the Google style
-- Configured cpplint exclude dirs and/or files: 
-- Added test 'lint_cmake' to check CMake code style
-- Added test 'uncrustify' to check C / C++ code style
-- Configured uncrustify additional arguments: 
-- Added test 'xmllint' to check XML markup files
-- Configuring done
-- Generating done
-- Build files have been written to: /home/eight/Downloads/Howard_ROS2_practice/catkin_ws/build/multi_pub
[35m[1mScanning dependencies of target multi_pub[0m
[35m[1mScanning dependencies of target my_subscriber[0m
[ 50%] [32mBuilding CXX object CMakeFiles/my_subscriber.dir/src/my_subscriber_node.cpp.o[0m
[ 50%] [32mBuilding CXX object CMakeFiles/multi_pub.dir/src/multi_pub.cpp.o[0m
[ 75%] [32m[1mLinking CXX executable multi_pub[0m
[ 75%] Built target multi_pub
[100%] [32m[1mLinking CXX executable my_subscriber[0m
[100%] Built target my_subscriber
-- Install configuration: ""
-- Execute custom install script
-- Symlinking: /home/eight/Downloads/Howard_ROS2_practice/catkin_ws/install/multi_pub/lib/multi_pub/multi_pub
-- Symlinking: /home/eight/Downloads/Howard_ROS2_practice/catkin_ws/install/multi_pub/lib/multi_pub/my_subscriber
-- Symlinking: /home/eight/Downloads/Howard_ROS2_practice/catkin_ws/install/multi_pub/share/ament_index/resource_index/package_run_dependencies/multi_pub
-- Symlinking: /home/eight/Downloads/Howard_ROS2_practice/catkin_ws/install/multi_pub/share/ament_index/resource_index/parent_prefix_path/multi_pub
-- Symlinking: /home/eight/Downloads/Howard_ROS2_practice/catkin_ws/install/multi_pub/share/multi_pub/environment/ament_prefix_path.sh
-- Symlinking: /home/eight/Downloads/Howard_ROS2_practice/catkin_ws/install/multi_pub/share/multi_pub/environment/ament_prefix_path.dsv
-- Symlinking: /home/eight/Downloads/Howard_ROS2_practice/catkin_ws/install/multi_pub/share/multi_pub/environment/path.sh
-- Symlinking: /home/eight/Downloads/Howard_ROS2_practice/catkin_ws/install/multi_pub/share/multi_pub/environment/path.dsv
-- Symlinking: /home/eight/Downloads/Howard_ROS2_practice/catkin_ws/install/multi_pub/share/multi_pub/local_setup.bash
-- Symlinking: /home/eight/Downloads/Howard_ROS2_practice/catkin_ws/install/multi_pub/share/multi_pub/local_setup.sh
-- Symlinking: /home/eight/Downloads/Howard_ROS2_practice/catkin_ws/install/multi_pub/share/multi_pub/local_setup.zsh
-- Symlinking: /home/eight/Downloads/Howard_ROS2_practice/catkin_ws/install/multi_pub/share/multi_pub/local_setup.dsv
-- Symlinking: /home/eight/Downloads/Howard_ROS2_practice/catkin_ws/install/multi_pub/share/multi_pub/package.dsv
-- Symlinking: /home/eight/Downloads/Howard_ROS2_practice/catkin_ws/install/multi_pub/share/ament_index/resource_index/packages/multi_pub
-- Symlinking: /home/eight/Downloads/Howard_ROS2_practice/catkin_ws/install/multi_pub/share/multi_pub/cmake/multi_pubConfig.cmake
-- Symlinking: /home/eight/Downloads/Howard_ROS2_practice/catkin_ws/install/multi_pub/share/multi_pub/cmake/multi_pubConfig-version.cmake
-- Symlinking: /home/eight/Downloads/Howard_ROS2_practice/catkin_ws/install/multi_pub/share/multi_pub/package.xml
