[0.010s] Invoking command in '/home/eight/Downloads/Howard_ROS2_practice/catkin_ws/build/multi_pub': CMAKE_PREFIX_PATH=/opt/ros/foxy CONDA_PROMPT_MODIFIER=(base) /usr/bin/cmake /home/eight/Downloads/Howard_ROS2_practice/catkin_ws/src/multi_pub -DAMENT_CMAKE_SYMLINK_INSTALL=1 -DCMAKE_INSTALL_PREFIX=/home/eight/Downloads/Howard_ROS2_practice/catkin_ws/install/multi_pub
[0.022s] -- Found ament_cmake: 0.9.11 (/opt/ros/foxy/share/ament_cmake/cmake)
[0.043s] -- Using PYTHON_EXECUTABLE: /home/eight/anaconda3/bin/python3
[0.214s] -- Override CMake install command with custom implementation using symlinks instead of copying resources
[0.219s] -- Found std_msgs: 2.0.5 (/opt/ros/foxy/share/std_msgs/cmake)
[0.236s] -- Using all available rosidl_typesupport_c: rosidl_typesupport_fastrtps_c;rosidl_typesupport_introspection_c
[0.239s] -- Found rosidl_adapter: 1.3.0 (/opt/ros/foxy/share/rosidl_adapter/cmake)
[0.330s] -- Using all available rosidl_typesupport_cpp: rosidl_typesupport_fastrtps_cpp;rosidl_typesupport_introspection_cpp
[0.364s] -- Found rclcpp: 2.4.2 (/opt/ros/foxy/share/rclcpp/cmake)
[0.393s] -- Found rmw_implementation_cmake: 1.0.3 (/opt/ros/foxy/share/rmw_implementation_cmake/cmake)
[0.394s] -- Using RMW implementation 'rmw_fastrtps_cpp' as default
[0.501s] -- Found geometry_msgs: 2.0.5 (/opt/ros/foxy/share/geometry_msgs/cmake)
[0.528s] -- Found ament_lint_auto: 0.9.7 (/opt/ros/foxy/share/ament_lint_auto/cmake)
[0.622s] -- Added test 'copyright' to check source files copyright and LICENSE
[0.622s] -- Added test 'cppcheck' to perform static code analysis on C / C++ code
[0.623s] -- Configured cppcheck include dirs: 
[0.623s] -- Configured cppcheck exclude dirs and/or files: 
[0.623s] -- Added test 'cpplint' to check C / C++ code against the Google style
[0.623s] -- Configured cpplint exclude dirs and/or files: 
[0.624s] -- Added test 'lint_cmake' to check CMake code style
[0.624s] -- Added test 'uncrustify' to check C / C++ code style
[0.624s] -- Configured uncrustify additional arguments: 
[0.624s] -- Added test 'xmllint' to check XML markup files
[0.627s] -- Configuring done
[0.634s] -- Generating done
[0.635s] -- Build files have been written to: /home/eight/Downloads/Howard_ROS2_practice/catkin_ws/build/multi_pub
[0.642s] Invoked command in '/home/eight/Downloads/Howard_ROS2_practice/catkin_ws/build/multi_pub' returned '0': CMAKE_PREFIX_PATH=/opt/ros/foxy CONDA_PROMPT_MODIFIER=(base) /usr/bin/cmake /home/eight/Downloads/Howard_ROS2_practice/catkin_ws/src/multi_pub -DAMENT_CMAKE_SYMLINK_INSTALL=1 -DCMAKE_INSTALL_PREFIX=/home/eight/Downloads/Howard_ROS2_practice/catkin_ws/install/multi_pub
[0.642s] Invoking command in '/home/eight/Downloads/Howard_ROS2_practice/catkin_ws/build/multi_pub': CMAKE_PREFIX_PATH=/opt/ros/foxy CONDA_PROMPT_MODIFIER=(base) /usr/bin/cmake --build /home/eight/Downloads/Howard_ROS2_practice/catkin_ws/build/multi_pub -- -j16 -l16
[0.670s] [35m[1mScanning dependencies of target multi_pub[0m
[0.670s] [35m[1mScanning dependencies of target my_subscriber[0m
[0.695s] [ 50%] [32mBuilding CXX object CMakeFiles/my_subscriber.dir/src/my_subscriber_node.cpp.o[0m
[0.695s] [ 50%] [32mBuilding CXX object CMakeFiles/multi_pub.dir/src/multi_pub.cpp.o[0m
[3.126s] [ 75%] [32m[1mLinking CXX executable multi_pub[0m
[3.237s] [ 75%] Built target multi_pub
[4.278s] [100%] [32m[1mLinking CXX executable my_subscriber[0m
[4.429s] [100%] Built target my_subscriber
[4.442s] Invoked command in '/home/eight/Downloads/Howard_ROS2_practice/catkin_ws/build/multi_pub' returned '0': CMAKE_PREFIX_PATH=/opt/ros/foxy CONDA_PROMPT_MODIFIER=(base) /usr/bin/cmake --build /home/eight/Downloads/Howard_ROS2_practice/catkin_ws/build/multi_pub -- -j16 -l16
[4.465s] Invoking command in '/home/eight/Downloads/Howard_ROS2_practice/catkin_ws/build/multi_pub': CMAKE_PREFIX_PATH=/opt/ros/foxy CONDA_PROMPT_MODIFIER=(base) /usr/bin/cmake --install /home/eight/Downloads/Howard_ROS2_practice/catkin_ws/build/multi_pub
[4.471s] -- Install configuration: ""
[4.471s] -- Execute custom install script
[4.471s] -- Symlinking: /home/eight/Downloads/Howard_ROS2_practice/catkin_ws/install/multi_pub/lib/multi_pub/multi_pub
[4.478s] -- Symlinking: /home/eight/Downloads/Howard_ROS2_practice/catkin_ws/install/multi_pub/lib/multi_pub/my_subscriber
[4.484s] -- Symlinking: /home/eight/Downloads/Howard_ROS2_practice/catkin_ws/install/multi_pub/share/ament_index/resource_index/package_run_dependencies/multi_pub
[4.490s] -- Symlinking: /home/eight/Downloads/Howard_ROS2_practice/catkin_ws/install/multi_pub/share/ament_index/resource_index/parent_prefix_path/multi_pub
[4.496s] -- Symlinking: /home/eight/Downloads/Howard_ROS2_practice/catkin_ws/install/multi_pub/share/multi_pub/environment/ament_prefix_path.sh
[4.503s] -- Symlinking: /home/eight/Downloads/Howard_ROS2_practice/catkin_ws/install/multi_pub/share/multi_pub/environment/ament_prefix_path.dsv
[4.509s] -- Symlinking: /home/eight/Downloads/Howard_ROS2_practice/catkin_ws/install/multi_pub/share/multi_pub/environment/path.sh
[4.515s] -- Symlinking: /home/eight/Downloads/Howard_ROS2_practice/catkin_ws/install/multi_pub/share/multi_pub/environment/path.dsv
[4.521s] -- Symlinking: /home/eight/Downloads/Howard_ROS2_practice/catkin_ws/install/multi_pub/share/multi_pub/local_setup.bash
[4.527s] -- Symlinking: /home/eight/Downloads/Howard_ROS2_practice/catkin_ws/install/multi_pub/share/multi_pub/local_setup.sh
[4.533s] -- Symlinking: /home/eight/Downloads/Howard_ROS2_practice/catkin_ws/install/multi_pub/share/multi_pub/local_setup.zsh
[4.540s] -- Symlinking: /home/eight/Downloads/Howard_ROS2_practice/catkin_ws/install/multi_pub/share/multi_pub/local_setup.dsv
[4.546s] -- Symlinking: /home/eight/Downloads/Howard_ROS2_practice/catkin_ws/install/multi_pub/share/multi_pub/package.dsv
[4.553s] -- Symlinking: /home/eight/Downloads/Howard_ROS2_practice/catkin_ws/install/multi_pub/share/ament_index/resource_index/packages/multi_pub
[4.559s] -- Symlinking: /home/eight/Downloads/Howard_ROS2_practice/catkin_ws/install/multi_pub/share/multi_pub/cmake/multi_pubConfig.cmake
[4.565s] -- Symlinking: /home/eight/Downloads/Howard_ROS2_practice/catkin_ws/install/multi_pub/share/multi_pub/cmake/multi_pubConfig-version.cmake
[4.571s] -- Symlinking: /home/eight/Downloads/Howard_ROS2_practice/catkin_ws/install/multi_pub/share/multi_pub/package.xml
[4.578s] Invoked command in '/home/eight/Downloads/Howard_ROS2_practice/catkin_ws/build/multi_pub' returned '0': CMAKE_PREFIX_PATH=/opt/ros/foxy CONDA_PROMPT_MODIFIER=(base) /usr/bin/cmake --install /home/eight/Downloads/Howard_ROS2_practice/catkin_ws/build/multi_pub
