[0.012s] Invoking command in '/home/eight/Downloads/Howard_ROS2_practice/catkin_ws/build/multi_pub': CMAKE_PREFIX_PATH=${CMAKE_PREFIX_PATH}:/opt/ros/foxy CONDA_PROMPT_MODIFIER=(base) /usr/bin/cmake --build /home/eight/Downloads/Howard_ROS2_practice/catkin_ws/build/multi_pub -- -j16 -l16
[0.042s] [35m[1mScanning dependencies of target multi_pub[0m
[0.042s] [35m[1mScanning dependencies of target my_subscriber[0m
[0.059s] [ 50%] [32mBuilding CXX object CMakeFiles/multi_pub.dir/src/multi_pub.cpp.o[0m
[0.060s] [ 50%] [32mBuilding CXX object CMakeFiles/my_subscriber.dir/src/my_subscriber_node.cpp.o[0m
[1.006s] In file included from [01m[K/home/eight/Downloads/Howard_ROS2_practice/catkin_ws/src/multi_pub/src/multi_pub.cpp:9[m[K:
[1.006s] [01m[K/home/eight/Downloads/Howard_ROS2_practice/catkin_ws/src/multi_pub/src/classB.cpp:12:1:[m[K [01;31m[Kerror: [m[Kno declaration matches ‘[01m[KClassB::ClassB(rclcpp::Node::SharedPtr, std::string)[m[K’
[1.007s]    12 | [01;31m[KClassB[m[K::ClassB(rclcpp::Node::SharedPtr node, std::string name) : node_(node) {
[1.007s]       | [01;31m[K^~~~~~[m[K
[1.007s] [01m[K/home/eight/Downloads/Howard_ROS2_practice/catkin_ws/src/multi_pub/src/classB.cpp:1:7:[m[K [01;36m[Knote: [m[Kcandidates are: ‘[01m[KClassB::ClassB(ClassB&&)[m[K’
[1.007s]     1 | class [01;36m[KClassB[m[K {
[1.007s]       |       [01;36m[K^~~~~~[m[K
[1.007s] [01m[K/home/eight/Downloads/Howard_ROS2_practice/catkin_ws/src/multi_pub/src/classB.cpp:1:7:[m[K [01;36m[Knote: [m[K                ‘[01m[KClassB::ClassB(const ClassB&)[m[K’
[1.007s] [01m[K/home/eight/Downloads/Howard_ROS2_practice/catkin_ws/src/multi_pub/src/classB.cpp:3:5:[m[K [01;36m[Knote: [m[K                ‘[01m[KClassB::ClassB(rclcpp::Node::SharedPtr)[m[K’
[1.007s]     3 |     [01;36m[KClassB[m[K(rclcpp::Node::SharedPtr node); // constructor
[1.007s]       |     [01;36m[K^~~~~~[m[K
[1.007s] [01m[K/home/eight/Downloads/Howard_ROS2_practice/catkin_ws/src/multi_pub/src/classB.cpp:1:7:[m[K [01;36m[Knote: [m[K‘[01m[Kclass ClassB[m[K’ defined here
[1.007s]     1 | class [01;36m[KClassB[m[K {
[1.008s]       |       [01;36m[K^~~~~~[m[K
[1.030s] [01m[K/home/eight/Downloads/Howard_ROS2_practice/catkin_ws/src/multi_pub/src/multi_pub.cpp:[m[K In member function ‘[01m[Kvoid MinimalPublisher::timer_callback()[m[K’:
[1.031s] [01m[K/home/eight/Downloads/Howard_ROS2_practice/catkin_ws/src/multi_pub/src/multi_pub.cpp:87:43:[m[K [01;31m[Kerror: [m[Kno matching function for call to ‘[01m[Kstd::shared_ptr<ClassB>::shared_ptr(const char [3])[m[K’
[1.031s]    87 |       std::shared_ptr<ClassB> class_b("n1"[01;31m[K)[m[K;
[1.031s]       |                                           [01;31m[K^[m[K
[1.031s] In file included from [01m[K/usr/include/c++/9/memory:81[m[K,
[1.032s]                  from [01m[K/home/eight/Downloads/Howard_ROS2_practice/catkin_ws/src/multi_pub/src/multi_pub.cpp:4[m[K:
[1.032s] [01m[K/usr/include/c++/9/bits/shared_ptr.h:367:7:[m[K [01;36m[Knote: [m[Kcandidate: ‘[01m[Kstd::shared_ptr<_Tp>::shared_ptr(const std::weak_ptr<_Tp>&, std::nothrow_t) [with _Tp = ClassB][m[K’
[1.032s]   367 |       [01;36m[Kshared_ptr[m[K(const weak_ptr<_Tp>& __r, std::nothrow_t)
[1.032s]       |       [01;36m[K^~~~~~~~~~[m[K
[1.032s] [01m[K/usr/include/c++/9/bits/shared_ptr.h:367:7:[m[K [01;36m[Knote: [m[K  candidate expects 2 arguments, 1 provided
[1.033s] [01m[K/usr/include/c++/9/bits/shared_ptr.h:358:2:[m[K [01;36m[Knote: [m[Kcandidate: ‘[01m[Ktemplate<class _Alloc, class ... _Args> std::shared_ptr<_Tp>::shared_ptr(std::_Sp_alloc_shared_tag<_Tp>, _Args&& ...)[m[K’
[1.033s]   358 |  [01;36m[Kshared_ptr[m[K(_Sp_alloc_shared_tag<_Alloc> __tag, _Args&&... __args)
[1.033s]       |  [01;36m[K^~~~~~~~~~[m[K
[1.033s] [01m[K/usr/include/c++/9/bits/shared_ptr.h:358:2:[m[K [01;36m[Knote: [m[K  template argument deduction/substitution failed:
[1.033s] [01m[K/home/eight/Downloads/Howard_ROS2_practice/catkin_ws/src/multi_pub/src/multi_pub.cpp:87:43:[m[K [01;36m[Knote: [m[K  mismatched types ‘[01m[Kstd::_Sp_alloc_shared_tag<_Tp>[m[K’ and ‘[01m[Kconst char*[m[K’
[1.033s]    87 |       std::shared_ptr<ClassB> class_b("n1"[01;36m[K)[m[K;
[1.033s]       |                                           [01;36m[K^[m[K
[1.033s] In file included from [01m[K/usr/include/c++/9/memory:81[m[K,
[1.034s]                  from [01m[K/home/eight/Downloads/Howard_ROS2_practice/catkin_ws/src/multi_pub/src/multi_pub.cpp:4[m[K:
[1.034s] [01m[K/usr/include/c++/9/bits/shared_ptr.h:307:17:[m[K [01;36m[Knote: [m[Kcandidate: ‘[01m[Kconstexpr std::shared_ptr<_Tp>::shared_ptr(std::nullptr_t) [with _Tp = ClassB; std::nullptr_t = std::nullptr_t][m[K’
[1.034s]   307 |       constexpr [01;36m[Kshared_ptr[m[K(nullptr_t) noexcept : shared_ptr() { }
[1.034s]       |                 [01;36m[K^~~~~~~~~~[m[K
[1.034s] [01m[K/usr/include/c++/9/bits/shared_ptr.h:307:28:[m[K [01;36m[Knote: [m[K  no known conversion for argument 1 from ‘[01m[Kconst char [3][m[K’ to ‘[01m[Kstd::nullptr_t[m[K’
[1.034s]   307 |       constexpr shared_ptr([01;36m[Knullptr_t[m[K) noexcept : shared_ptr() { }
[1.034s]       |                            [01;36m[K^~~~~~~~~[m[K
[1.034s] [01m[K/usr/include/c++/9/bits/shared_ptr.h:299:2:[m[K [01;36m[Knote: [m[Kcandidate: ‘[01m[Ktemplate<class _Yp, class _Del, std::shared_ptr<ClassB>::_Constructible<std::unique_ptr<_Tp, _Dp>, std::__sp_array_delete>* <anonymous> > std::shared_ptr<_Tp>::shared_ptr(std::unique_ptr<_Up, _Ep>&&)[m[K’
[1.034s]   299 |  [01;36m[Kshared_ptr[m[K(unique_ptr<_Yp, _Del>&& __r)
[1.034s]       |  [01;36m[K^~~~~~~~~~[m[K
[1.034s] [01m[K/usr/include/c++/9/bits/shared_ptr.h:299:2:[m[K [01;36m[Knote: [m[K  template argument deduction/substitution failed:
[1.035s] [01m[K/home/eight/Downloads/Howard_ROS2_practice/catkin_ws/src/multi_pub/src/multi_pub.cpp:87:43:[m[K [01;36m[Knote: [m[K  mismatched types ‘[01m[Kstd::unique_ptr<_Tp, _Dp>[m[K’ and ‘[01m[Kconst char [3][m[K’
[1.035s]    87 |       std::shared_ptr<ClassB> class_b("n1"[01;36m[K)[m[K;
[1.035s]       |                                           [01;36m[K^[m[K
[1.035s] In file included from [01m[K/usr/include/c++/9/memory:81[m[K,
[1.035s]                  from [01m[K/home/eight/Downloads/Howard_ROS2_practice/catkin_ws/src/multi_pub/src/multi_pub.cpp:4[m[K:
[1.035s] [01m[K/usr/include/c++/9/bits/shared_ptr.h:290:2:[m[K [01;36m[Knote: [m[Kcandidate: ‘[01m[Ktemplate<class _Yp, class _Del, class> std::shared_ptr<_Tp>::shared_ptr(std::unique_ptr<_Up, _Ep>&&)[m[K’
[1.035s]   290 |  [01;36m[Kshared_ptr[m[K(unique_ptr<_Yp, _Del>&& __r)
[1.035s]       |  [01;36m[K^~~~~~~~~~[m[K
[1.035s] [01m[K/usr/include/c++/9/bits/shared_ptr.h:290:2:[m[K [01;36m[Knote: [m[K  template argument deduction/substitution failed:
[1.035s] [01m[K/home/eight/Downloads/Howard_ROS2_practice/catkin_ws/src/multi_pub/src/multi_pub.cpp:87:43:[m[K [01;36m[Knote: [m[K  mismatched types ‘[01m[Kstd::unique_ptr<_Tp, _Dp>[m[K’ and ‘[01m[Kconst char [3][m[K’
[1.035s]    87 |       std::shared_ptr<ClassB> class_b("n1"[01;36m[K)[m[K;
[1.036s]       |                                           [01;36m[K^[m[K
[1.036s] In file included from [01m[K/usr/include/c++/9/memory:81[m[K,
[1.036s]                  from [01m[K/home/eight/Downloads/Howard_ROS2_practice/catkin_ws/src/multi_pub/src/multi_pub.cpp:4[m[K:
[1.036s] [01m[K/usr/include/c++/9/bits/shared_ptr.h:282:2:[m[K [01;36m[Knote: [m[Kcandidate: ‘[01m[Ktemplate<class _Yp, class> std::shared_ptr<_Tp>::shared_ptr(std::auto_ptr<_Up>&&)[m[K’
[1.036s]   282 |  [01;36m[Kshared_ptr[m[K(auto_ptr<_Yp>&& __r);
[1.036s]       |  [01;36m[K^~~~~~~~~~[m[K
[1.036s] [01m[K/usr/include/c++/9/bits/shared_ptr.h:282:2:[m[K [01;36m[Knote: [m[K  template argument deduction/substitution failed:
[1.036s] [01m[K/home/eight/Downloads/Howard_ROS2_practice/catkin_ws/src/multi_pub/src/multi_pub.cpp:87:43:[m[K [01;36m[Knote: [m[K  mismatched types ‘[01m[Kstd::auto_ptr<_Up>[m[K’ and ‘[01m[Kconst char [3][m[K’
[1.036s]    87 |       std::shared_ptr<ClassB> class_b("n1"[01;36m[K)[m[K;
[1.036s]       |                                           [01;36m[K^[m[K
[1.037s] In file included from [01m[K/usr/include/c++/9/memory:81[m[K,
[1.037s]                  from [01m[K/home/eight/Downloads/Howard_ROS2_practice/catkin_ws/src/multi_pub/src/multi_pub.cpp:4[m[K:
[1.037s] [01m[K/usr/include/c++/9/bits/shared_ptr.h:275:11:[m[K [01;36m[Knote: [m[Kcandidate: ‘[01m[Ktemplate<class _Yp, class> std::shared_ptr<_Tp>::shared_ptr(const std::weak_ptr<_Yp>&)[m[K’
[1.037s]   275 |  explicit [01;36m[Kshared_ptr[m[K(const weak_ptr<_Yp>& __r)
[1.037s]       |           [01;36m[K^~~~~~~~~~[m[K
[1.037s] [01m[K/usr/include/c++/9/bits/shared_ptr.h:275:11:[m[K [01;36m[Knote: [m[K  template argument deduction/substitution failed:
[1.037s] [01m[K/home/eight/Downloads/Howard_ROS2_practice/catkin_ws/src/multi_pub/src/multi_pub.cpp:87:43:[m[K [01;36m[Knote: [m[K  mismatched types ‘[01m[Kconst std::weak_ptr<_Tp>[m[K’ and ‘[01m[Kconst char [3][m[K’
[1.037s]    87 |       std::shared_ptr<ClassB> class_b("n1"[01;36m[K)[m[K;
[1.037s]       |                                           [01;36m[K^[m[K
[1.038s] In file included from [01m[K/usr/include/c++/9/memory:81[m[K,
[1.038s]                  from [01m[K/home/eight/Downloads/Howard_ROS2_practice/catkin_ws/src/multi_pub/src/multi_pub.cpp:4[m[K:
[1.038s] [01m[K/usr/include/c++/9/bits/shared_ptr.h:263:2:[m[K [01;36m[Knote: [m[Kcandidate: ‘[01m[Ktemplate<class _Yp, class> std::shared_ptr<_Tp>::shared_ptr(std::shared_ptr<_Yp>&&)[m[K’
[1.038s]   263 |  [01;36m[Kshared_ptr[m[K(shared_ptr<_Yp>&& __r) noexcept
[1.038s]       |  [01;36m[K^~~~~~~~~~[m[K
[1.038s] [01m[K/usr/include/c++/9/bits/shared_ptr.h:263:2:[m[K [01;36m[Knote: [m[K  template argument deduction/substitution failed:
[1.038s] [01m[K/home/eight/Downloads/Howard_ROS2_practice/catkin_ws/src/multi_pub/src/multi_pub.cpp:87:43:[m[K [01;36m[Knote: [m[K  mismatched types ‘[01m[Kstd::shared_ptr<_Tp>[m[K’ and ‘[01m[Kconst char [3][m[K’
[1.038s]    87 |       std::shared_ptr<ClassB> class_b("n1"[01;36m[K)[m[K;
[1.038s]       |                                           [01;36m[K^[m[K
[1.038s] In file included from [01m[K/usr/include/c++/9/memory:81[m[K,
[1.038s]                  from [01m[K/home/eight/Downloads/Howard_ROS2_practice/catkin_ws/src/multi_pub/src/multi_pub.cpp:4[m[K:
[1.038s] [01m[K/usr/include/c++/9/bits/shared_ptr.h:254:7:[m[K [01;36m[Knote: [m[Kcandidate: ‘[01m[Kstd::shared_ptr<_Tp>::shared_ptr(std::shared_ptr<_Tp>&&) [with _Tp = ClassB][m[K’
[1.039s]   254 |       [01;36m[Kshared_ptr[m[K(shared_ptr&& __r) noexcept
[1.039s]       |       [01;36m[K^~~~~~~~~~[m[K
[1.039s] [01m[K/usr/include/c++/9/bits/shared_ptr.h:254:31:[m[K [01;36m[Knote: [m[K  no known conversion for argument 1 from ‘[01m[Kconst char [3][m[K’ to ‘[01m[Kstd::shared_ptr<ClassB>&&[m[K’
[1.039s]   254 |       shared_ptr([01;36m[Kshared_ptr&& __r[m[K) noexcept
[1.039s]       |                  [01;36m[K~~~~~~~~~~~~~^~~[m[K
[1.039s] [01m[K/usr/include/c++/9/bits/shared_ptr.h:246:2:[m[K [01;36m[Knote: [m[Kcandidate: ‘[01m[Ktemplate<class _Yp, class> std::shared_ptr<_Tp>::shared_ptr(const std::shared_ptr<_Yp>&)[m[K’
[1.039s]   246 |  [01;36m[Kshared_ptr[m[K(const shared_ptr<_Yp>& __r) noexcept
[1.039s]       |  [01;36m[K^~~~~~~~~~[m[K
[1.039s] [01m[K/usr/include/c++/9/bits/shared_ptr.h:246:2:[m[K [01;36m[Knote: [m[K  template argument deduction/substitution failed:
[1.039s] [01m[K/home/eight/Downloads/Howard_ROS2_practice/catkin_ws/src/multi_pub/src/multi_pub.cpp:87:43:[m[K [01;36m[Knote: [m[K  mismatched types ‘[01m[Kconst std::shared_ptr<_Tp>[m[K’ and ‘[01m[Kconst char [3][m[K’
[1.040s]    87 |       std::shared_ptr<ClassB> class_b("n1"[01;36m[K)[m[K;
[1.040s]       |                                           [01;36m[K^[m[K
[1.040s] In file included from [01m[K/usr/include/c++/9/memory:81[m[K,
[1.040s]                  from [01m[K/home/eight/Downloads/Howard_ROS2_practice/catkin_ws/src/multi_pub/src/multi_pub.cpp:4[m[K:
[1.040s] [01m[K/usr/include/c++/9/bits/shared_ptr.h:234:2:[m[K [01;36m[Knote: [m[Kcandidate: ‘[01m[Ktemplate<class _Yp> std::shared_ptr<_Tp>::shared_ptr(const std::shared_ptr<_Yp>&, std::shared_ptr<_Tp>::element_type*)[m[K’
[1.040s]   234 |  [01;36m[Kshared_ptr[m[K(const shared_ptr<_Yp>& __r, element_type* __p) noexcept
[1.040s]       |  [01;36m[K^~~~~~~~~~[m[K
[1.040s] [01m[K/usr/include/c++/9/bits/shared_ptr.h:234:2:[m[K [01;36m[Knote: [m[K  template argument deduction/substitution failed:
[1.040s] [01m[K/home/eight/Downloads/Howard_ROS2_practice/catkin_ws/src/multi_pub/src/multi_pub.cpp:87:43:[m[K [01;36m[Knote: [m[K  mismatched types ‘[01m[Kconst std::shared_ptr<_Tp>[m[K’ and ‘[01m[Kconst char [3][m[K’
[1.040s]    87 |       std::shared_ptr<ClassB> class_b("n1"[01;36m[K)[m[K;
[1.041s]       |                                           [01;36m[K^[m[K
[1.041s] In file included from [01m[K/usr/include/c++/9/memory:81[m[K,
[1.041s]                  from [01m[K/home/eight/Downloads/Howard_ROS2_practice/catkin_ws/src/multi_pub/src/multi_pub.cpp:4[m[K:
[1.041s] [01m[K/usr/include/c++/9/bits/shared_ptr.h:212:2:[m[K [01;36m[Knote: [m[Kcandidate: ‘[01m[Ktemplate<class _Deleter, class _Alloc> std::shared_ptr<_Tp>::shared_ptr(std::nullptr_t, _Deleter, _Alloc)[m[K’
[1.041s]   212 |  [01;36m[Kshared_ptr[m[K(nullptr_t __p, _Deleter __d, _Alloc __a)
[1.041s]       |  [01;36m[K^~~~~~~~~~[m[K
[1.041s] [01m[K/usr/include/c++/9/bits/shared_ptr.h:212:2:[m[K [01;36m[Knote: [m[K  template argument deduction/substitution failed:
[1.042s] [01m[K/home/eight/Downloads/Howard_ROS2_practice/catkin_ws/src/multi_pub/src/multi_pub.cpp:87:43:[m[K [01;36m[Knote: [m[K  candidate expects 3 arguments, 1 provided
[1.042s]    87 |       std::shared_ptr<ClassB> class_b("n1"[01;36m[K)[m[K;
[1.042s]       |                                           [01;36m[K^[m[K
[1.042s] In file included from [01m[K/usr/include/c++/9/memory:81[m[K,
[1.042s]                  from [01m[K/home/eight/Downloads/Howard_ROS2_practice/catkin_ws/src/multi_pub/src/multi_pub.cpp:4[m[K:
[1.042s] [01m[K/usr/include/c++/9/bits/shared_ptr.h:193:2:[m[K [01;36m[Knote: [m[Kcandidate: ‘[01m[Ktemplate<class _Yp, class _Deleter, class _Alloc, class> std::shared_ptr<_Tp>::shared_ptr(_Yp*, _Deleter, _Alloc)[m[K’
[1.042s]   193 |  [01;36m[Kshared_ptr[m[K(_Yp* __p, _Deleter __d, _Alloc __a)
[1.042s]       |  [01;36m[K^~~~~~~~~~[m[K
[1.043s] [01m[K/usr/include/c++/9/bits/shared_ptr.h:193:2:[m[K [01;36m[Knote: [m[K  template argument deduction/substitution failed:
[1.043s] [01m[K/home/eight/Downloads/Howard_ROS2_practice/catkin_ws/src/multi_pub/src/multi_pub.cpp:87:43:[m[K [01;36m[Knote: [m[K  candidate expects 3 arguments, 1 provided
[1.043s]    87 |       std::shared_ptr<ClassB> class_b("n1"[01;36m[K)[m[K;
[1.043s]       |                                           [01;36m[K^[m[K
[1.043s] In file included from [01m[K/usr/include/c++/9/memory:81[m[K,
[1.043s]                  from [01m[K/home/eight/Downloads/Howard_ROS2_practice/catkin_ws/src/multi_pub/src/multi_pub.cpp:4[m[K:
[1.043s] [01m[K/usr/include/c++/9/bits/shared_ptr.h:173:2:[m[K [01;36m[Knote: [m[Kcandidate: ‘[01m[Ktemplate<class _Deleter> std::shared_ptr<_Tp>::shared_ptr(std::nullptr_t, _Deleter)[m[K’
[1.043s]   173 |  [01;36m[Kshared_ptr[m[K(nullptr_t __p, _Deleter __d)
[1.043s]       |  [01;36m[K^~~~~~~~~~[m[K
[1.043s] [01m[K/usr/include/c++/9/bits/shared_ptr.h:173:2:[m[K [01;36m[Knote: [m[K  template argument deduction/substitution failed:
[1.043s] [01m[K/home/eight/Downloads/Howard_ROS2_practice/catkin_ws/src/multi_pub/src/multi_pub.cpp:87:43:[m[K [01;36m[Knote: [m[K  candidate expects 2 arguments, 1 provided
[1.044s]    87 |       std::shared_ptr<ClassB> class_b("n1"[01;36m[K)[m[K;
[1.044s]       |                                           [01;36m[K^[m[K
[1.044s] In file included from [01m[K/usr/include/c++/9/memory:81[m[K,
[1.044s]                  from [01m[K/home/eight/Downloads/Howard_ROS2_practice/catkin_ws/src/multi_pub/src/multi_pub.cpp:4[m[K:
[1.044s] [01m[K/usr/include/c++/9/bits/shared_ptr.h:156:2:[m[K [01;36m[Knote: [m[Kcandidate: ‘[01m[Ktemplate<class _Yp, class _Deleter, class> std::shared_ptr<_Tp>::shared_ptr(_Yp*, _Deleter)[m[K’
[1.044s]   156 |  [01;36m[Kshared_ptr[m[K(_Yp* __p, _Deleter __d)
[1.044s]       |  [01;36m[K^~~~~~~~~~[m[K
[1.044s] [01m[K/usr/include/c++/9/bits/shared_ptr.h:156:2:[m[K [01;36m[Knote: [m[K  template argument deduction/substitution failed:
[1.044s] [01m[K/home/eight/Downloads/Howard_ROS2_practice/catkin_ws/src/multi_pub/src/multi_pub.cpp:87:43:[m[K [01;36m[Knote: [m[K  candidate expects 2 arguments, 1 provided
[1.044s]    87 |       std::shared_ptr<ClassB> class_b("n1"[01;36m[K)[m[K;
[1.044s]       |                                           [01;36m[K^[m[K
[1.045s] In file included from [01m[K/usr/include/c++/9/memory:81[m[K,
[1.045s]                  from [01m[K/home/eight/Downloads/Howard_ROS2_practice/catkin_ws/src/multi_pub/src/multi_pub.cpp:4[m[K:
[1.045s] [01m[K/usr/include/c++/9/bits/shared_ptr.h:139:2:[m[K [01;36m[Knote: [m[Kcandidate: ‘[01m[Ktemplate<class _Yp, class> std::shared_ptr<_Tp>::shared_ptr(_Yp*)[m[K’
[1.045s]   139 |  [01;36m[Kshared_ptr[m[K(_Yp* __p) : __shared_ptr<_Tp>(__p) { }
[1.045s]       |  [01;36m[K^~~~~~~~~~[m[K
[1.045s] [01m[K/usr/include/c++/9/bits/shared_ptr.h:139:2:[m[K [01;36m[Knote: [m[K  template argument deduction/substitution failed:
[1.045s] /usr/include/c++/9/bits/shared_ptr.h: In substitution of ‘[01m[Ktemplate<class _Tp> template<class ... _Args> using _Constructible = typename std::enable_if<std::is_constructible<std::__shared_ptr<_Tp>, _Args ...>::value>::type [with _Args = {const char*}; _Tp = ClassB][m[K’:
[1.045s] [01m[K/usr/include/c++/9/bits/shared_ptr.h:137:30:[m[K   required from here
[1.045s] [01m[K/usr/include/c++/9/bits/shared_ptr.h:106:8:[m[K [01;31m[Kerror: [m[Kno type named ‘[01m[Ktype[m[K’ in ‘[01m[Kstruct std::enable_if<false, void>[m[K’
[1.045s]   106 |  using [01;31m[K_Constructible[m[K = typename enable_if<
[1.046s]       |        [01;31m[K^~~~~~~~~~~~~~[m[K
[1.046s] [01m[K/usr/include/c++/9/bits/shared_ptr.h:129:7:[m[K [01;36m[Knote: [m[Kcandidate: ‘[01m[Kstd::shared_ptr<_Tp>::shared_ptr(const std::shared_ptr<_Tp>&) [with _Tp = ClassB][m[K’
[1.046s]   129 |       [01;36m[Kshared_ptr[m[K(const shared_ptr&) noexcept = default;
[1.046s]       |       [01;36m[K^~~~~~~~~~[m[K
[1.046s] [01m[K/usr/include/c++/9/bits/shared_ptr.h:129:18:[m[K [01;36m[Knote: [m[K  no known conversion for argument 1 from ‘[01m[Kconst char [3][m[K’ to ‘[01m[Kconst std::shared_ptr<ClassB>&[m[K’
[1.046s]   129 |       shared_ptr([01;36m[Kconst shared_ptr&[m[K) noexcept = default;
[1.046s]       |                  [01;36m[K^~~~~~~~~~~~~~~~~[m[K
[1.046s] [01m[K/usr/include/c++/9/bits/shared_ptr.h:127:17:[m[K [01;36m[Knote: [m[Kcandidate: ‘[01m[Kconstexpr std::shared_ptr<_Tp>::shared_ptr() [with _Tp = ClassB][m[K’
[1.046s]   127 |       constexpr [01;36m[Kshared_ptr[m[K() noexcept : __shared_ptr<_Tp>() { }
[1.046s]       |                 [01;36m[K^~~~~~~~~~[m[K
[1.046s] [01m[K/usr/include/c++/9/bits/shared_ptr.h:127:17:[m[K [01;36m[Knote: [m[K  candidate expects 0 arguments, 1 provided
[1.047s] [01m[K/home/eight/Downloads/Howard_ROS2_practice/catkin_ws/src/multi_pub/src/multi_pub.cpp:102:43:[m[K [01;31m[Kerror: [m[Kno matching function for call to ‘[01m[Kstd::shared_ptr<ClassB>::shared_ptr(const char [3])[m[K’
[1.047s]   102 |       std::shared_ptr<ClassB> class_c("n2"[01;31m[K)[m[K;
[1.047s]       |                                           [01;31m[K^[m[K
[1.047s] In file included from [01m[K/usr/include/c++/9/memory:81[m[K,
[1.047s]                  from [01m[K/home/eight/Downloads/Howard_ROS2_practice/catkin_ws/src/multi_pub/src/multi_pub.cpp:4[m[K:
[1.047s] [01m[K/usr/include/c++/9/bits/shared_ptr.h:367:7:[m[K [01;36m[Knote: [m[Kcandidate: ‘[01m[Kstd::shared_ptr<_Tp>::shared_ptr(const std::weak_ptr<_Tp>&, std::nothrow_t) [with _Tp = ClassB][m[K’
[1.047s]   367 |       [01;36m[Kshared_ptr[m[K(const weak_ptr<_Tp>& __r, std::nothrow_t)
[1.047s]       |       [01;36m[K^~~~~~~~~~[m[K
[1.047s] [01m[K/usr/include/c++/9/bits/shared_ptr.h:367:7:[m[K [01;36m[Knote: [m[K  candidate expects 2 arguments, 1 provided
[1.047s] [01m[K/usr/include/c++/9/bits/shared_ptr.h:358:2:[m[K [01;36m[Knote: [m[Kcandidate: ‘[01m[Ktemplate<class _Alloc, class ... _Args> std::shared_ptr<_Tp>::shared_ptr(std::_Sp_alloc_shared_tag<_Tp>, _Args&& ...)[m[K’
[1.048s]   358 |  [01;36m[Kshared_ptr[m[K(_Sp_alloc_shared_tag<_Alloc> __tag, _Args&&... __args)
[1.048s]       |  [01;36m[K^~~~~~~~~~[m[K
[1.048s] [01m[K/usr/include/c++/9/bits/shared_ptr.h:358:2:[m[K [01;36m[Knote: [m[K  template argument deduction/substitution failed:
[1.048s] [01m[K/home/eight/Downloads/Howard_ROS2_practice/catkin_ws/src/multi_pub/src/multi_pub.cpp:102:43:[m[K [01;36m[Knote: [m[K  mismatched types ‘[01m[Kstd::_Sp_alloc_shared_tag<_Tp>[m[K’ and ‘[01m[Kconst char*[m[K’
[1.048s]   102 |       std::shared_ptr<ClassB> class_c("n2"[01;36m[K)[m[K;
[1.048s]       |                                           [01;36m[K^[m[K
[1.048s] In file included from [01m[K/usr/include/c++/9/memory:81[m[K,
[1.048s]                  from [01m[K/home/eight/Downloads/Howard_ROS2_practice/catkin_ws/src/multi_pub/src/multi_pub.cpp:4[m[K:
[1.048s] [01m[K/usr/include/c++/9/bits/shared_ptr.h:307:17:[m[K [01;36m[Knote: [m[Kcandidate: ‘[01m[Kconstexpr std::shared_ptr<_Tp>::shared_ptr(std::nullptr_t) [with _Tp = ClassB; std::nullptr_t = std::nullptr_t][m[K’
[1.048s]   307 |       constexpr [01;36m[Kshared_ptr[m[K(nullptr_t) noexcept : shared_ptr() { }
[1.048s]       |                 [01;36m[K^~~~~~~~~~[m[K
[1.049s] [01m[K/usr/include/c++/9/bits/shared_ptr.h:307:28:[m[K [01;36m[Knote: [m[K  no known conversion for argument 1 from ‘[01m[Kconst char [3][m[K’ to ‘[01m[Kstd::nullptr_t[m[K’
[1.049s]   307 |       constexpr shared_ptr([01;36m[Knullptr_t[m[K) noexcept : shared_ptr() { }
[1.049s]       |                            [01;36m[K^~~~~~~~~[m[K
[1.049s] [01m[K/usr/include/c++/9/bits/shared_ptr.h:299:2:[m[K [01;36m[Knote: [m[Kcandidate: ‘[01m[Ktemplate<class _Yp, class _Del, std::shared_ptr<ClassB>::_Constructible<std::unique_ptr<_Tp, _Dp>, std::__sp_array_delete>* <anonymous> > std::shared_ptr<_Tp>::shared_ptr(std::unique_ptr<_Up, _Ep>&&)[m[K’
[1.049s]   299 |  [01;36m[Kshared_ptr[m[K(unique_ptr<_Yp, _Del>&& __r)
[1.049s]       |  [01;36m[K^~~~~~~~~~[m[K
[1.049s] [01m[K/usr/include/c++/9/bits/shared_ptr.h:299:2:[m[K [01;36m[Knote: [m[K  template argument deduction/substitution failed:
[1.049s] [01m[K/home/eight/Downloads/Howard_ROS2_practice/catkin_ws/src/multi_pub/src/multi_pub.cpp:102:43:[m[K [01;36m[Knote: [m[K  mismatched types ‘[01m[Kstd::unique_ptr<_Tp, _Dp>[m[K’ and ‘[01m[Kconst char [3][m[K’
[1.049s]   102 |       std::shared_ptr<ClassB> class_c("n2"[01;36m[K)[m[K;
[1.049s]       |                                           [01;36m[K^[m[K
[1.050s] In file included from [01m[K/usr/include/c++/9/memory:81[m[K,
[1.050s]                  from [01m[K/home/eight/Downloads/Howard_ROS2_practice/catkin_ws/src/multi_pub/src/multi_pub.cpp:4[m[K:
[1.050s] [01m[K/usr/include/c++/9/bits/shared_ptr.h:290:2:[m[K [01;36m[Knote: [m[Kcandidate: ‘[01m[Ktemplate<class _Yp, class _Del, class> std::shared_ptr<_Tp>::shared_ptr(std::unique_ptr<_Up, _Ep>&&)[m[K’
[1.050s]   290 |  [01;36m[Kshared_ptr[m[K(unique_ptr<_Yp, _Del>&& __r)
[1.050s]       |  [01;36m[K^~~~~~~~~~[m[K
[1.050s] [01m[K/usr/include/c++/9/bits/shared_ptr.h:290:2:[m[K [01;36m[Knote: [m[K  template argument deduction/substitution failed:
[1.050s] [01m[K/home/eight/Downloads/Howard_ROS2_practice/catkin_ws/src/multi_pub/src/multi_pub.cpp:102:43:[m[K [01;36m[Knote: [m[K  mismatched types ‘[01m[Kstd::unique_ptr<_Tp, _Dp>[m[K’ and ‘[01m[Kconst char [3][m[K’
[1.050s]   102 |       std::shared_ptr<ClassB> class_c("n2"[01;36m[K)[m[K;
[1.050s]       |                                           [01;36m[K^[m[K
[1.051s] In file included from [01m[K/usr/include/c++/9/memory:81[m[K,
[1.051s]                  from [01m[K/home/eight/Downloads/Howard_ROS2_practice/catkin_ws/src/multi_pub/src/multi_pub.cpp:4[m[K:
[1.051s] [01m[K/usr/include/c++/9/bits/shared_ptr.h:282:2:[m[K [01;36m[Knote: [m[Kcandidate: ‘[01m[Ktemplate<class _Yp, class> std::shared_ptr<_Tp>::shared_ptr(std::auto_ptr<_Up>&&)[m[K’
[1.051s]   282 |  [01;36m[Kshared_ptr[m[K(auto_ptr<_Yp>&& __r);
[1.051s]       |  [01;36m[K^~~~~~~~~~[m[K
[1.051s] [01m[K/usr/include/c++/9/bits/shared_ptr.h:282:2:[m[K [01;36m[Knote: [m[K  template argument deduction/substitution failed:
[1.051s] [01m[K/home/eight/Downloads/Howard_ROS2_practice/catkin_ws/src/multi_pub/src/multi_pub.cpp:102:43:[m[K [01;36m[Knote: [m[K  mismatched types ‘[01m[Kstd::auto_ptr<_Up>[m[K’ and ‘[01m[Kconst char [3][m[K’
[1.051s]   102 |       std::shared_ptr<ClassB> class_c("n2"[01;36m[K)[m[K;
[1.051s]       |                                           [01;36m[K^[m[K
[1.051s] In file included from [01m[K/usr/include/c++/9/memory:81[m[K,
[1.051s]                  from [01m[K/home/eight/Downloads/Howard_ROS2_practice/catkin_ws/src/multi_pub/src/multi_pub.cpp:4[m[K:
[1.052s] [01m[K/usr/include/c++/9/bits/shared_ptr.h:275:11:[m[K [01;36m[Knote: [m[Kcandidate: ‘[01m[Ktemplate<class _Yp, class> std::shared_ptr<_Tp>::shared_ptr(const std::weak_ptr<_Yp>&)[m[K’
[1.052s]   275 |  explicit [01;36m[Kshared_ptr[m[K(const weak_ptr<_Yp>& __r)
[1.052s]       |           [01;36m[K^~~~~~~~~~[m[K
[1.052s] [01m[K/usr/include/c++/9/bits/shared_ptr.h:275:11:[m[K [01;36m[Knote: [m[K  template argument deduction/substitution failed:
[1.052s] [01m[K/home/eight/Downloads/Howard_ROS2_practice/catkin_ws/src/multi_pub/src/multi_pub.cpp:102:43:[m[K [01;36m[Knote: [m[K  mismatched types ‘[01m[Kconst std::weak_ptr<_Tp>[m[K’ and ‘[01m[Kconst char [3][m[K’
[1.052s]   102 |       std::shared_ptr<ClassB> class_c("n2"[01;36m[K)[m[K;
[1.052s]       |                                           [01;36m[K^[m[K
[1.052s] In file included from [01m[K/usr/include/c++/9/memory:81[m[K,
[1.052s]                  from [01m[K/home/eight/Downloads/Howard_ROS2_practice/catkin_ws/src/multi_pub/src/multi_pub.cpp:4[m[K:
[1.052s] [01m[K/usr/include/c++/9/bits/shared_ptr.h:263:2:[m[K [01;36m[Knote: [m[Kcandidate: ‘[01m[Ktemplate<class _Yp, class> std::shared_ptr<_Tp>::shared_ptr(std::shared_ptr<_Yp>&&)[m[K’
[1.053s]   263 |  [01;36m[Kshared_ptr[m[K(shared_ptr<_Yp>&& __r) noexcept
[1.053s]       |  [01;36m[K^~~~~~~~~~[m[K
[1.053s] [01m[K/usr/include/c++/9/bits/shared_ptr.h:263:2:[m[K [01;36m[Knote: [m[K  template argument deduction/substitution failed:
[1.053s] [01m[K/home/eight/Downloads/Howard_ROS2_practice/catkin_ws/src/multi_pub/src/multi_pub.cpp:102:43:[m[K [01;36m[Knote: [m[K  mismatched types ‘[01m[Kstd::shared_ptr<_Tp>[m[K’ and ‘[01m[Kconst char [3][m[K’
[1.053s]   102 |       std::shared_ptr<ClassB> class_c("n2"[01;36m[K)[m[K;
[1.053s]       |                                           [01;36m[K^[m[K
[1.053s] In file included from [01m[K/usr/include/c++/9/memory:81[m[K,
[1.053s]                  from [01m[K/home/eight/Downloads/Howard_ROS2_practice/catkin_ws/src/multi_pub/src/multi_pub.cpp:4[m[K:
[1.053s] [01m[K/usr/include/c++/9/bits/shared_ptr.h:254:7:[m[K [01;36m[Knote: [m[Kcandidate: ‘[01m[Kstd::shared_ptr<_Tp>::shared_ptr(std::shared_ptr<_Tp>&&) [with _Tp = ClassB][m[K’
[1.053s]   254 |       [01;36m[Kshared_ptr[m[K(shared_ptr&& __r) noexcept
[1.054s]       |       [01;36m[K^~~~~~~~~~[m[K
[1.054s] [01m[K/usr/include/c++/9/bits/shared_ptr.h:254:31:[m[K [01;36m[Knote: [m[K  no known conversion for argument 1 from ‘[01m[Kconst char [3][m[K’ to ‘[01m[Kstd::shared_ptr<ClassB>&&[m[K’
[1.054s]   254 |       shared_ptr([01;36m[Kshared_ptr&& __r[m[K) noexcept
[1.054s]       |                  [01;36m[K~~~~~~~~~~~~~^~~[m[K
[1.054s] [01m[K/usr/include/c++/9/bits/shared_ptr.h:246:2:[m[K [01;36m[Knote: [m[Kcandidate: ‘[01m[Ktemplate<class _Yp, class> std::shared_ptr<_Tp>::shared_ptr(const std::shared_ptr<_Yp>&)[m[K’
[1.054s]   246 |  [01;36m[Kshared_ptr[m[K(const shared_ptr<_Yp>& __r) noexcept
[1.054s]       |  [01;36m[K^~~~~~~~~~[m[K
[1.054s] [01m[K/usr/include/c++/9/bits/shared_ptr.h:246:2:[m[K [01;36m[Knote: [m[K  template argument deduction/substitution failed:
[1.054s] [01m[K/home/eight/Downloads/Howard_ROS2_practice/catkin_ws/src/multi_pub/src/multi_pub.cpp:102:43:[m[K [01;36m[Knote: [m[K  mismatched types ‘[01m[Kconst std::shared_ptr<_Tp>[m[K’ and ‘[01m[Kconst char [3][m[K’
[1.054s]   102 |       std::shared_ptr<ClassB> class_c("n2"[01;36m[K)[m[K;
[1.055s]       |                                           [01;36m[K^[m[K
[1.055s] In file included from [01m[K/usr/include/c++/9/memory:81[m[K,
[1.055s]                  from [01m[K/home/eight/Downloads/Howard_ROS2_practice/catkin_ws/src/multi_pub/src/multi_pub.cpp:4[m[K:
[1.055s] [01m[K/usr/include/c++/9/bits/shared_ptr.h:234:2:[m[K [01;36m[Knote: [m[Kcandidate: ‘[01m[Ktemplate<class _Yp> std::shared_ptr<_Tp>::shared_ptr(const std::shared_ptr<_Yp>&, std::shared_ptr<_Tp>::element_type*)[m[K’
[1.055s]   234 |  [01;36m[Kshared_ptr[m[K(const shared_ptr<_Yp>& __r, element_type* __p) noexcept
[1.055s]       |  [01;36m[K^~~~~~~~~~[m[K
[1.055s] [01m[K/usr/include/c++/9/bits/shared_ptr.h:234:2:[m[K [01;36m[Knote: [m[K  template argument deduction/substitution failed:
[1.055s] [01m[K/home/eight/Downloads/Howard_ROS2_practice/catkin_ws/src/multi_pub/src/multi_pub.cpp:102:43:[m[K [01;36m[Knote: [m[K  mismatched types ‘[01m[Kconst std::shared_ptr<_Tp>[m[K’ and ‘[01m[Kconst char [3][m[K’
[1.055s]   102 |       std::shared_ptr<ClassB> class_c("n2"[01;36m[K)[m[K;
[1.055s]       |                                           [01;36m[K^[m[K
[1.055s] In file included from [01m[K/usr/include/c++/9/memory:81[m[K,
[1.056s]                  from [01m[K/home/eight/Downloads/Howard_ROS2_practice/catkin_ws/src/multi_pub/src/multi_pub.cpp:4[m[K:
[1.056s] [01m[K/usr/include/c++/9/bits/shared_ptr.h:212:2:[m[K [01;36m[Knote: [m[Kcandidate: ‘[01m[Ktemplate<class _Deleter, class _Alloc> std::shared_ptr<_Tp>::shared_ptr(std::nullptr_t, _Deleter, _Alloc)[m[K’
[1.056s]   212 |  [01;36m[Kshared_ptr[m[K(nullptr_t __p, _Deleter __d, _Alloc __a)
[1.056s]       |  [01;36m[K^~~~~~~~~~[m[K
[1.056s] [01m[K/usr/include/c++/9/bits/shared_ptr.h:212:2:[m[K [01;36m[Knote: [m[K  template argument deduction/substitution failed:
[1.056s] [01m[K/home/eight/Downloads/Howard_ROS2_practice/catkin_ws/src/multi_pub/src/multi_pub.cpp:102:43:[m[K [01;36m[Knote: [m[K  candidate expects 3 arguments, 1 provided
[1.056s]   102 |       std::shared_ptr<ClassB> class_c("n2"[01;36m[K)[m[K;
[1.056s]       |                                           [01;36m[K^[m[K
[1.056s] In file included from [01m[K/usr/include/c++/9/memory:81[m[K,
[1.056s]                  from [01m[K/home/eight/Downloads/Howard_ROS2_practice/catkin_ws/src/multi_pub/src/multi_pub.cpp:4[m[K:
[1.056s] [01m[K/usr/include/c++/9/bits/shared_ptr.h:193:2:[m[K [01;36m[Knote: [m[Kcandidate: ‘[01m[Ktemplate<class _Yp, class _Deleter, class _Alloc, class> std::shared_ptr<_Tp>::shared_ptr(_Yp*, _Deleter, _Alloc)[m[K’
[1.056s]   193 |  [01;36m[Kshared_ptr[m[K(_Yp* __p, _Deleter __d, _Alloc __a)
[1.057s]       |  [01;36m[K^~~~~~~~~~[m[K
[1.057s] [01m[K/usr/include/c++/9/bits/shared_ptr.h:193:2:[m[K [01;36m[Knote: [m[K  template argument deduction/substitution failed:
[1.057s] [01m[K/home/eight/Downloads/Howard_ROS2_practice/catkin_ws/src/multi_pub/src/multi_pub.cpp:102:43:[m[K [01;36m[Knote: [m[K  candidate expects 3 arguments, 1 provided
[1.057s]   102 |       std::shared_ptr<ClassB> class_c("n2"[01;36m[K)[m[K;
[1.057s]       |                                           [01;36m[K^[m[K
[1.057s] In file included from [01m[K/usr/include/c++/9/memory:81[m[K,
[1.057s]                  from [01m[K/home/eight/Downloads/Howard_ROS2_practice/catkin_ws/src/multi_pub/src/multi_pub.cpp:4[m[K:
[1.057s] [01m[K/usr/include/c++/9/bits/shared_ptr.h:173:2:[m[K [01;36m[Knote: [m[Kcandidate: ‘[01m[Ktemplate<class _Deleter> std::shared_ptr<_Tp>::shared_ptr(std::nullptr_t, _Deleter)[m[K’
[1.057s]   173 |  [01;36m[Kshared_ptr[m[K(nullptr_t __p, _Deleter __d)
[1.058s]       |  [01;36m[K^~~~~~~~~~[m[K
[1.058s] [01m[K/usr/include/c++/9/bits/shared_ptr.h:173:2:[m[K [01;36m[Knote: [m[K  template argument deduction/substitution failed:
[1.058s] [01m[K/home/eight/Downloads/Howard_ROS2_practice/catkin_ws/src/multi_pub/src/multi_pub.cpp:102:43:[m[K [01;36m[Knote: [m[K  candidate expects 2 arguments, 1 provided
[1.058s]   102 |       std::shared_ptr<ClassB> class_c("n2"[01;36m[K)[m[K;
[1.058s]       |                                           [01;36m[K^[m[K
[1.058s] In file included from [01m[K/usr/include/c++/9/memory:81[m[K,
[1.058s]                  from [01m[K/home/eight/Downloads/Howard_ROS2_practice/catkin_ws/src/multi_pub/src/multi_pub.cpp:4[m[K:
[1.058s] [01m[K/usr/include/c++/9/bits/shared_ptr.h:156:2:[m[K [01;36m[Knote: [m[Kcandidate: ‘[01m[Ktemplate<class _Yp, class _Deleter, class> std::shared_ptr<_Tp>::shared_ptr(_Yp*, _Deleter)[m[K’
[1.058s]   156 |  [01;36m[Kshared_ptr[m[K(_Yp* __p, _Deleter __d)
[1.058s]       |  [01;36m[K^~~~~~~~~~[m[K
[1.058s] [01m[K/usr/include/c++/9/bits/shared_ptr.h:156:2:[m[K [01;36m[Knote: [m[K  template argument deduction/substitution failed:
[1.059s] [01m[K/home/eight/Downloads/Howard_ROS2_practice/catkin_ws/src/multi_pub/src/multi_pub.cpp:102:43:[m[K [01;36m[Knote: [m[K  candidate expects 2 arguments, 1 provided
[1.059s]   102 |       std::shared_ptr<ClassB> class_c("n2"[01;36m[K)[m[K;
[1.059s]       |                                           [01;36m[K^[m[K
[1.059s] In file included from [01m[K/usr/include/c++/9/memory:81[m[K,
[1.059s]                  from [01m[K/home/eight/Downloads/Howard_ROS2_practice/catkin_ws/src/multi_pub/src/multi_pub.cpp:4[m[K:
[1.059s] [01m[K/usr/include/c++/9/bits/shared_ptr.h:139:2:[m[K [01;36m[Knote: [m[Kcandidate: ‘[01m[Ktemplate<class _Yp, class> std::shared_ptr<_Tp>::shared_ptr(_Yp*)[m[K’
[1.059s]   139 |  [01;36m[Kshared_ptr[m[K(_Yp* __p) : __shared_ptr<_Tp>(__p) { }
[1.059s]       |  [01;36m[K^~~~~~~~~~[m[K
[1.059s] [01m[K/usr/include/c++/9/bits/shared_ptr.h:139:2:[m[K [01;36m[Knote: [m[K  template argument deduction/substitution failed:
[1.059s] [01m[K/usr/include/c++/9/bits/shared_ptr.h:129:7:[m[K [01;36m[Knote: [m[Kcandidate: ‘[01m[Kstd::shared_ptr<_Tp>::shared_ptr(const std::shared_ptr<_Tp>&) [with _Tp = ClassB][m[K’
[1.059s]   129 |       [01;36m[Kshared_ptr[m[K(const shared_ptr&) noexcept = default;
[1.060s]       |       [01;36m[K^~~~~~~~~~[m[K
[1.060s] [01m[K/usr/include/c++/9/bits/shared_ptr.h:129:18:[m[K [01;36m[Knote: [m[K  no known conversion for argument 1 from ‘[01m[Kconst char [3][m[K’ to ‘[01m[Kconst std::shared_ptr<ClassB>&[m[K’
[1.060s]   129 |       shared_ptr([01;36m[Kconst shared_ptr&[m[K) noexcept = default;
[1.060s]       |                  [01;36m[K^~~~~~~~~~~~~~~~~[m[K
[1.060s] [01m[K/usr/include/c++/9/bits/shared_ptr.h:127:17:[m[K [01;36m[Knote: [m[Kcandidate: ‘[01m[Kconstexpr std::shared_ptr<_Tp>::shared_ptr() [with _Tp = ClassB][m[K’
[1.060s]   127 |       constexpr [01;36m[Kshared_ptr[m[K() noexcept : __shared_ptr<_Tp>() { }
[1.060s]       |                 [01;36m[K^~~~~~~~~~[m[K
[1.060s] [01m[K/usr/include/c++/9/bits/shared_ptr.h:127:17:[m[K [01;36m[Knote: [m[K  candidate expects 0 arguments, 1 provided
[1.060s] [01m[K/home/eight/Downloads/Howard_ROS2_practice/catkin_ws/src/multi_pub/src/multi_pub.cpp:106:35:[m[K [01;31m[Kerror: [m[Kexpected ‘[01m[K;[m[K’ before ‘[01m[K}[m[K’ token
[1.060s]   106 |       pub_map[3]->publish(message)
[1.060s]       |                                   [01;31m[K^[m[K
[1.060s]       |                                   [32m[K;[m[K
[1.061s]   107 | 
[1.061s]   108 |     [32m[K}[m[K
[1.061s]       |     [32m[K~[m[K                              
[1.765s] make[2]: *** [CMakeFiles/multi_pub.dir/build.make:63: CMakeFiles/multi_pub.dir/src/multi_pub.cpp.o] Error 1
[1.765s] make[1]: *** [CMakeFiles/Makefile2:107: CMakeFiles/multi_pub.dir/all] Error 2
[1.765s] make[1]: *** Waiting for unfinished jobs....
[3.639s] [ 75%] [32m[1mLinking CXX executable my_subscriber[0m
[3.787s] [ 75%] Built target my_subscriber
[3.788s] make: *** [Makefile:141: all] Error 2
[3.791s] Invoked command in '/home/eight/Downloads/Howard_ROS2_practice/catkin_ws/build/multi_pub' returned '2': CMAKE_PREFIX_PATH=${CMAKE_PREFIX_PATH}:/opt/ros/foxy CONDA_PROMPT_MODIFIER=(base) /usr/bin/cmake --build /home/eight/Downloads/Howard_ROS2_practice/catkin_ws/build/multi_pub -- -j16 -l16
