[0.120s] DEBUG:colcon:Command line arguments: ['/usr/bin/colcon', 'build', '--symlink-install']
[0.120s] DEBUG:colcon:Parsed command line arguments: Namespace(allow_overriding=[], ament_cmake_args=None, base_paths=['.'], build_base='build', catkin_cmake_args=None, catkin_skip_building_tests=False, cmake_args=None, cmake_clean_cache=False, cmake_clean_first=False, cmake_force_configure=False, cmake_target=None, cmake_target_skip_unavailable=False, continue_on_error=False, event_handlers=None, executor='parallel', ignore_user_meta=False, install_base='install', log_base=None, log_level=None, main=<bound method BuildVerb.main of <colcon_core.verb.build.BuildVerb object at 0x7f697b0c9640>>, merge_install=False, metas=['./colcon.meta'], packages_above=None, packages_above_and_dependencies=None, packages_above_depth=None, packages_end=None, packages_ignore=None, packages_ignore_regex=None, packages_select=None, packages_select_build_failed=False, packages_select_by_dep=None, packages_select_regex=None, packages_select_test_failures=False, packages_skip=None, packages_skip_build_finished=False, packages_skip_by_dep=None, packages_skip_regex=None, packages_skip_test_passed=False, packages_skip_up_to=None, packages_start=None, packages_up_to=None, packages_up_to_regex=None, parallel_workers=16, paths=None, symlink_install=True, test_result_base=None, verb_extension=<colcon_core.verb.build.BuildVerb object at 0x7f697b0c9640>, verb_name='build', verb_parser=<colcon_defaults.argument_parser.defaults.DefaultArgumentsDecorator object at 0x7f697b0c9b80>)
[0.139s] Level 1:colcon.colcon_core.package_discovery:discover_packages(colcon_meta) check parameters
[0.139s] Level 1:colcon.colcon_core.package_discovery:discover_packages(recursive) check parameters
[0.139s] Level 1:colcon.colcon_core.package_discovery:discover_packages(ignore) check parameters
[0.139s] Level 1:colcon.colcon_core.package_discovery:discover_packages(path) check parameters
[0.139s] Level 1:colcon.colcon_core.package_discovery:discover_packages(colcon_meta) discover
[0.139s] Level 1:colcon.colcon_core.package_discovery:discover_packages(recursive) discover
[0.139s] INFO:colcon.colcon_core.package_discovery:Crawling recursively for packages in '/home/eight/Downloads/Howard_ROS2_practice/catkin_ws'
[0.139s] Level 1:colcon.colcon_core.package_identification:_identify(.) by extensions ['ignore', 'ignore_ament_install']
[0.139s] Level 1:colcon.colcon_core.package_identification:_identify(.) by extension 'ignore'
[0.139s] Level 1:colcon.colcon_core.package_identification:_identify(.) by extension 'ignore_ament_install'
[0.139s] Level 1:colcon.colcon_core.package_identification:_identify(.) by extensions ['colcon_pkg']
[0.139s] Level 1:colcon.colcon_core.package_identification:_identify(.) by extension 'colcon_pkg'
[0.139s] Level 1:colcon.colcon_core.package_identification:_identify(.) by extensions ['colcon_meta']
[0.139s] Level 1:colcon.colcon_core.package_identification:_identify(.) by extension 'colcon_meta'
[0.139s] Level 1:colcon.colcon_core.package_identification:_identify(.) by extensions ['ros']
[0.139s] Level 1:colcon.colcon_core.package_identification:_identify(.) by extension 'ros'
[0.153s] Level 1:colcon.colcon_core.package_identification:_identify(.) by extensions ['cmake', 'python']
[0.153s] Level 1:colcon.colcon_core.package_identification:_identify(.) by extension 'cmake'
[0.153s] Level 1:colcon.colcon_core.package_identification:_identify(.) by extension 'python'
[0.153s] Level 1:colcon.colcon_core.package_identification:_identify(.) by extensions ['python_setup_py']
[0.153s] Level 1:colcon.colcon_core.package_identification:_identify(.) by extension 'python_setup_py'
[0.154s] Level 1:colcon.colcon_core.package_identification:_identify(build) by extensions ['ignore', 'ignore_ament_install']
[0.154s] Level 1:colcon.colcon_core.package_identification:_identify(build) by extension 'ignore'
[0.154s] Level 1:colcon.colcon_core.package_identification:_identify(build) ignored
[0.154s] Level 1:colcon.colcon_core.package_identification:_identify(install) by extensions ['ignore', 'ignore_ament_install']
[0.154s] Level 1:colcon.colcon_core.package_identification:_identify(install) by extension 'ignore'
[0.154s] Level 1:colcon.colcon_core.package_identification:_identify(install) ignored
[0.154s] Level 1:colcon.colcon_core.package_identification:_identify(log) by extensions ['ignore', 'ignore_ament_install']
[0.154s] Level 1:colcon.colcon_core.package_identification:_identify(log) by extension 'ignore'
[0.154s] Level 1:colcon.colcon_core.package_identification:_identify(log) ignored
[0.154s] Level 1:colcon.colcon_core.package_identification:_identify(src) by extensions ['ignore', 'ignore_ament_install']
[0.154s] Level 1:colcon.colcon_core.package_identification:_identify(src) by extension 'ignore'
[0.154s] Level 1:colcon.colcon_core.package_identification:_identify(src) by extension 'ignore_ament_install'
[0.154s] Level 1:colcon.colcon_core.package_identification:_identify(src) by extensions ['colcon_pkg']
[0.154s] Level 1:colcon.colcon_core.package_identification:_identify(src) by extension 'colcon_pkg'
[0.154s] Level 1:colcon.colcon_core.package_identification:_identify(src) by extensions ['colcon_meta']
[0.154s] Level 1:colcon.colcon_core.package_identification:_identify(src) by extension 'colcon_meta'
[0.154s] Level 1:colcon.colcon_core.package_identification:_identify(src) by extensions ['ros']
[0.154s] Level 1:colcon.colcon_core.package_identification:_identify(src) by extension 'ros'
[0.155s] Level 1:colcon.colcon_core.package_identification:_identify(src) by extensions ['cmake', 'python']
[0.155s] Level 1:colcon.colcon_core.package_identification:_identify(src) by extension 'cmake'
[0.155s] Level 1:colcon.colcon_core.package_identification:_identify(src) by extension 'python'
[0.155s] Level 1:colcon.colcon_core.package_identification:_identify(src) by extensions ['python_setup_py']
[0.155s] Level 1:colcon.colcon_core.package_identification:_identify(src) by extension 'python_setup_py'
[0.155s] Level 1:colcon.colcon_core.package_identification:_identify(src/multi_pub) by extensions ['ignore', 'ignore_ament_install']
[0.155s] Level 1:colcon.colcon_core.package_identification:_identify(src/multi_pub) by extension 'ignore'
[0.155s] Level 1:colcon.colcon_core.package_identification:_identify(src/multi_pub) by extension 'ignore_ament_install'
[0.155s] Level 1:colcon.colcon_core.package_identification:_identify(src/multi_pub) by extensions ['colcon_pkg']
[0.155s] Level 1:colcon.colcon_core.package_identification:_identify(src/multi_pub) by extension 'colcon_pkg'
[0.155s] Level 1:colcon.colcon_core.package_identification:_identify(src/multi_pub) by extensions ['colcon_meta']
[0.155s] Level 1:colcon.colcon_core.package_identification:_identify(src/multi_pub) by extension 'colcon_meta'
[0.155s] Level 1:colcon.colcon_core.package_identification:_identify(src/multi_pub) by extensions ['ros']
[0.155s] Level 1:colcon.colcon_core.package_identification:_identify(src/multi_pub) by extension 'ros'
[0.157s] DEBUG:colcon.colcon_core.package_identification:Package 'src/multi_pub' with type 'ros.ament_cmake' and name 'multi_pub'
[0.157s] Level 1:colcon.colcon_core.package_discovery:discover_packages(recursive) using defaults
[0.157s] Level 1:colcon.colcon_core.package_discovery:discover_packages(ignore) discover
[0.157s] Level 1:colcon.colcon_core.package_discovery:discover_packages(ignore) using defaults
[0.157s] Level 1:colcon.colcon_core.package_discovery:discover_packages(path) discover
[0.157s] Level 1:colcon.colcon_core.package_discovery:discover_packages(path) using defaults
[0.172s] Level 1:colcon.colcon_core.package_discovery:discover_packages(prefix_path) check parameters
[0.172s] Level 1:colcon.colcon_core.package_discovery:discover_packages(prefix_path) discover
[0.174s] DEBUG:colcon.colcon_installed_package_information.package_discovery:Found 1 installed packages in /home/eight/Downloads/Howard_ROS2_practice/catkin_ws/install
[0.175s] DEBUG:colcon.colcon_installed_package_information.package_discovery:Found 256 installed packages in /opt/ros/foxy
[0.177s] Level 1:colcon.colcon_core.package_discovery:discover_packages(prefix_path) using defaults
[0.230s] Level 5:colcon.colcon_core.verb:set package 'multi_pub' build argument 'cmake_args' from command line to 'None'
[0.230s] Level 5:colcon.colcon_core.verb:set package 'multi_pub' build argument 'cmake_target' from command line to 'None'
[0.230s] Level 5:colcon.colcon_core.verb:set package 'multi_pub' build argument 'cmake_target_skip_unavailable' from command line to 'False'
[0.230s] Level 5:colcon.colcon_core.verb:set package 'multi_pub' build argument 'cmake_clean_cache' from command line to 'False'
[0.230s] Level 5:colcon.colcon_core.verb:set package 'multi_pub' build argument 'cmake_clean_first' from command line to 'False'
[0.230s] Level 5:colcon.colcon_core.verb:set package 'multi_pub' build argument 'cmake_force_configure' from command line to 'False'
[0.230s] Level 5:colcon.colcon_core.verb:set package 'multi_pub' build argument 'ament_cmake_args' from command line to 'None'
[0.230s] Level 5:colcon.colcon_core.verb:set package 'multi_pub' build argument 'catkin_cmake_args' from command line to 'None'
[0.230s] Level 5:colcon.colcon_core.verb:set package 'multi_pub' build argument 'catkin_skip_building_tests' from command line to 'False'
[0.230s] DEBUG:colcon.colcon_core.verb:Building package 'multi_pub' with the following arguments: {'ament_cmake_args': None, 'build_base': '/home/eight/Downloads/Howard_ROS2_practice/catkin_ws/build/multi_pub', 'catkin_cmake_args': None, 'catkin_skip_building_tests': False, 'cmake_args': None, 'cmake_clean_cache': False, 'cmake_clean_first': False, 'cmake_force_configure': False, 'cmake_target': None, 'cmake_target_skip_unavailable': False, 'install_base': '/home/eight/Downloads/Howard_ROS2_practice/catkin_ws/install/multi_pub', 'merge_install': False, 'path': '/home/eight/Downloads/Howard_ROS2_practice/catkin_ws/src/multi_pub', 'symlink_install': True, 'test_result_base': None}
[0.231s] INFO:colcon.colcon_core.executor:Executing jobs using 'parallel' executor
[0.233s] DEBUG:colcon.colcon_parallel_executor.executor.parallel:run_until_complete
[0.233s] INFO:colcon.colcon_ros.task.ament_cmake.build:Building ROS package in '/home/eight/Downloads/Howard_ROS2_practice/catkin_ws/src/multi_pub' with build type 'ament_cmake'
[0.233s] INFO:colcon.colcon_cmake.task.cmake.build:Building CMake package in '/home/eight/Downloads/Howard_ROS2_practice/catkin_ws/src/multi_pub'
[0.237s] INFO:colcon.colcon_core.plugin_system:Skipping extension 'colcon_core.shell.bat': Not used on non-Windows systems
[0.237s] INFO:colcon.colcon_core.shell:Skip shell extension 'powershell' for command environment: Not usable outside of PowerShell
[0.237s] DEBUG:colcon.colcon_core.shell:Skip shell extension 'dsv' for command environment
[0.247s] DEBUG:colcon.colcon_core.event_handler.log_command:Invoking command in '/home/eight/Downloads/Howard_ROS2_practice/catkin_ws/build/multi_pub': CMAKE_PREFIX_PATH=${CMAKE_PREFIX_PATH}:/opt/ros/foxy CONDA_PROMPT_MODIFIER=(base) /usr/bin/cmake --build /home/eight/Downloads/Howard_ROS2_practice/catkin_ws/build/multi_pub -- -j16 -l16
[1.939s] DEBUG:colcon.colcon_core.event_handler.log_command:Invoked command in '/home/eight/Downloads/Howard_ROS2_practice/catkin_ws/build/multi_pub' returned '2': CMAKE_PREFIX_PATH=${CMAKE_PREFIX_PATH}:/opt/ros/foxy CONDA_PROMPT_MODIFIER=(base) /usr/bin/cmake --build /home/eight/Downloads/Howard_ROS2_practice/catkin_ws/build/multi_pub -- -j16 -l16
[1.958s] Level 1:colcon.colcon_core.environment:create_environment_scripts_only(multi_pub)
[1.961s] Level 1:colcon.colcon_core.environment:checking '/home/eight/Downloads/Howard_ROS2_practice/catkin_ws/install/multi_pub' for CMake module files
[1.962s] Level 1:colcon.colcon_core.environment:checking '/home/eight/Downloads/Howard_ROS2_practice/catkin_ws/install/multi_pub' for CMake config files
[1.962s] Level 1:colcon.colcon_core.shell:create_environment_hook('multi_pub', 'cmake_prefix_path')
[1.963s] INFO:colcon.colcon_core.shell:Creating environment hook '/home/eight/Downloads/Howard_ROS2_practice/catkin_ws/install/multi_pub/share/multi_pub/hook/cmake_prefix_path.ps1'
[1.964s] INFO:colcon.colcon_core.shell:Creating environment descriptor '/home/eight/Downloads/Howard_ROS2_practice/catkin_ws/install/multi_pub/share/multi_pub/hook/cmake_prefix_path.dsv'
[1.964s] INFO:colcon.colcon_core.shell:Creating environment hook '/home/eight/Downloads/Howard_ROS2_practice/catkin_ws/install/multi_pub/share/multi_pub/hook/cmake_prefix_path.sh'
[1.965s] Level 1:colcon.colcon_core.environment:checking '/home/eight/Downloads/Howard_ROS2_practice/catkin_ws/install/multi_pub/lib'
[1.965s] Level 1:colcon.colcon_core.environment:checking '/home/eight/Downloads/Howard_ROS2_practice/catkin_ws/install/multi_pub/bin'
[1.965s] Level 1:colcon.colcon_core.environment:checking '/home/eight/Downloads/Howard_ROS2_practice/catkin_ws/install/multi_pub/lib/pkgconfig/multi_pub.pc'
[1.965s] Level 1:colcon.colcon_core.environment:checking '/home/eight/Downloads/Howard_ROS2_practice/catkin_ws/install/multi_pub/lib/python3.8/site-packages'
[1.965s] Level 1:colcon.colcon_core.environment:checking '/home/eight/Downloads/Howard_ROS2_practice/catkin_ws/install/multi_pub/bin'
[1.966s] INFO:colcon.colcon_core.shell:Creating package script '/home/eight/Downloads/Howard_ROS2_practice/catkin_ws/install/multi_pub/share/multi_pub/package.ps1'
[1.967s] INFO:colcon.colcon_core.shell:Creating package descriptor '/home/eight/Downloads/Howard_ROS2_practice/catkin_ws/install/multi_pub/share/multi_pub/package.dsv'
[1.967s] INFO:colcon.colcon_core.shell:Creating package script '/home/eight/Downloads/Howard_ROS2_practice/catkin_ws/install/multi_pub/share/multi_pub/package.sh'
[1.968s] INFO:colcon.colcon_core.shell:Creating package script '/home/eight/Downloads/Howard_ROS2_practice/catkin_ws/install/multi_pub/share/multi_pub/package.bash'
[1.968s] INFO:colcon.colcon_core.shell:Creating package script '/home/eight/Downloads/Howard_ROS2_practice/catkin_ws/install/multi_pub/share/multi_pub/package.zsh'
[1.969s] Level 1:colcon.colcon_core.environment:create_file_with_runtime_dependencies(/home/eight/Downloads/Howard_ROS2_practice/catkin_ws/install/multi_pub/share/colcon-core/packages/multi_pub)
[1.979s] DEBUG:colcon.colcon_parallel_executor.executor.parallel:closing loop
[1.979s] DEBUG:colcon.colcon_parallel_executor.executor.parallel:loop closed
[1.979s] DEBUG:colcon.colcon_parallel_executor.executor.parallel:run_until_complete finished with '2'
[1.979s] DEBUG:colcon.colcon_core.event_reactor:joining thread
[1.984s] INFO:colcon.colcon_core.plugin_system:Skipping extension 'colcon_notification.desktop_notification.terminal_notifier': Not used on non-Darwin systems
[1.984s] INFO:colcon.colcon_core.plugin_system:Skipping extension 'colcon_notification.desktop_notification.win32': Not used on non-Windows systems
[1.984s] INFO:colcon.colcon_notification.desktop_notification:Sending desktop notification using 'notify2'
[1.997s] DEBUG:colcon.colcon_core.event_reactor:joined thread
[1.998s] INFO:colcon.colcon_core.shell:Creating prefix script '/home/eight/Downloads/Howard_ROS2_practice/catkin_ws/install/local_setup.ps1'
[1.999s] INFO:colcon.colcon_core.shell:Creating prefix util module '/home/eight/Downloads/Howard_ROS2_practice/catkin_ws/install/_local_setup_util_ps1.py'
[2.000s] INFO:colcon.colcon_core.shell:Creating prefix chain script '/home/eight/Downloads/Howard_ROS2_practice/catkin_ws/install/setup.ps1'
[2.001s] INFO:colcon.colcon_core.shell:Creating prefix script '/home/eight/Downloads/Howard_ROS2_practice/catkin_ws/install/local_setup.sh'
[2.001s] INFO:colcon.colcon_core.shell:Creating prefix util module '/home/eight/Downloads/Howard_ROS2_practice/catkin_ws/install/_local_setup_util_sh.py'
[2.002s] INFO:colcon.colcon_core.shell:Creating prefix chain script '/home/eight/Downloads/Howard_ROS2_practice/catkin_ws/install/setup.sh'
[2.003s] INFO:colcon.colcon_core.shell:Creating prefix script '/home/eight/Downloads/Howard_ROS2_practice/catkin_ws/install/local_setup.bash'
[2.003s] INFO:colcon.colcon_core.shell:Creating prefix chain script '/home/eight/Downloads/Howard_ROS2_practice/catkin_ws/install/setup.bash'
[2.004s] INFO:colcon.colcon_core.shell:Creating prefix script '/home/eight/Downloads/Howard_ROS2_practice/catkin_ws/install/local_setup.zsh'
[2.004s] INFO:colcon.colcon_core.shell:Creating prefix chain script '/home/eight/Downloads/Howard_ROS2_practice/catkin_ws/install/setup.zsh'
